# JRE version: OpenJDK Runtime Environment Temurin-17.0.10+7 (17.0.10+7) (build 17.0.10+7)
# Java VM: OpenJDK 64-Bit Server VM Temurin-17.0.10+7 (17.0.10+7, mixed mode, tiered, compressed oops, compressed class ptrs, parallel gc, windows-amd64)
GC Precious Log:
 CPUs: 16 total, 16 available
 Memory: 11972M
 Large Page Support: Disabled
 NUMA Support: Disabled
 Compressed Oops: Enabled (32-bit)
 Alignments: Space 512K, Generation 512K, Heap 2M
 Heap Min Capacity: 100M
 Heap Initial Capacity: 100M
 Heap Max Capacity: 1G
 Pre-touch: Disabled
 Parallel Workers: 13
Heap:
 PSYoungGen      total 14848K, used 12533K [0x00000000eab00000, 0x00000000ebb00000, 0x0000000100000000)
  eden space 13312K, 83% used [0x00000000eab00000,0x00000000eb5d47b8,0x00000000eb800000)
  from space 1536K, 93% used [0x00000000eb800000,0x00000000eb968f20,0x00000000eb980000)
  to   space 1536K, 0% used [0x00000000eb980000,0x00000000eb980000,0x00000000ebb00000)
 ParOldGen       total 94720K, used 69271K [0x00000000c0000000, 0x00000000c5c80000, 0x00000000eab00000)
  object space 94720K, 73% used [0x00000000c0000000,0x00000000c43a5f50,0x00000000c5c80000)
 Metaspace       used 77574K, committed 79040K, reserved 1179648K
  class space    used 7788K, committed 8384K, reserved 1048576K
GC Heap History (20 events):
Event: 16.362 GC heap before
{Heap before GC invocations=109 (full 5):
 PSYoungGen      total 17920K, used 17664K [0x00000000eab00000, 0x00000000ebf80000, 0x0000000100000000)
  eden space 15360K, 100% used [0x00000000eab00000,0x00000000eba00000,0x00000000eba00000)
  from space 2560K, 90% used [0x00000000ebb00000,0x00000000ebd40030,0x00000000ebd80000)
  to   space 2048K, 0% used [0x00000000ebd80000,0x00000000ebd80000,0x00000000ebf80000)
 ParOldGen       total 94720K, used 85085K [0x00000000c0000000, 0x00000000c5c80000, 0x00000000eab00000)
  object space 94720K, 89% used [0x00000000c0000000,0x00000000c5317728,0x00000000c5c80000)
 Metaspace       used 74839K, committed 76288K, reserved 1179648K
  class space    used 7589K, committed 8192K, reserved 1048576K
}
Event: 16.364 GC heap after
{Heap after GC invocations=109 (full 5):
 PSYoungGen      total 16896K, used 1344K [0x00000000eab00000, 0x00000000ebf00000, 0x0000000100000000)
  eden space 15360K, 0% used [0x00000000eab00000,0x00000000eab00000,0x00000000eba00000)
  from space 1536K, 87% used [0x00000000ebd80000,0x00000000ebed0000,0x00000000ebf00000)
  to   space 2048K, 0% used [0x00000000ebb00000,0x00000000ebb00000,0x00000000ebd00000)
 ParOldGen       total 94720K, used 85693K [0x00000000c0000000, 0x00000000c5c80000, 0x00000000eab00000)
  object space 94720K, 90% used [0x00000000c0000000,0x00000000c53af748,0x00000000c5c80000)
 Metaspace       used 74839K, committed 76288K, reserved 1179648K
  class space    used 7589K, committed 8192K, reserved 1048576K
}
Event: 16.483 GC heap before
{Heap before GC invocations=110 (full 5):
 PSYoungGen      total 16896K, used 16704K [0x00000000eab00000, 0x00000000ebf00000, 0x0000000100000000)
  eden space 15360K, 100% used [0x00000000eab00000,0x00000000eba00000,0x00000000eba00000)
  from space 1536K, 87% used [0x00000000ebd80000,0x00000000ebed0000,0x00000000ebf00000)
  to   space 2048K, 0% used [0x00000000ebb00000,0x00000000ebb00000,0x00000000ebd00000)
 ParOldGen       total 94720K, used 85693K [0x00000000c0000000, 0x00000000c5c80000, 0x00000000eab00000)
  object space 94720K, 90% used [0x00000000c0000000,0x00000000c53af748,0x00000000c5c80000)
 Metaspace       used 74994K, committed 76480K, reserved 1179648K
  class space    used 7589K, committed 8192K, reserved 1048576K
}
Event: 16.485 GC heap after
{Heap after GC invocations=110 (full 5):
 PSYoungGen      total 16896K, used 1088K [0x00000000eab00000, 0x00000000ebe00000, 0x0000000100000000)
  eden space 15360K, 0% used [0x00000000eab00000,0x00000000eab00000,0x00000000eba00000)
  from space 1536K, 70% used [0x00000000ebb00000,0x00000000ebc10000,0x00000000ebc80000)
  to   space 1536K, 0% used [0x00000000ebc80000,0x00000000ebc80000,0x00000000ebe00000)
 ParOldGen       total 94720K, used 86717K [0x00000000c0000000, 0x00000000c5c80000, 0x00000000eab00000)
  object space 94720K, 91% used [0x00000000c0000000,0x00000000c54af748,0x00000000c5c80000)
 Metaspace       used 74994K, committed 76480K, reserved 1179648K
  class space    used 7589K, committed 8192K, reserved 1048576K
}
Event: 16.678 GC heap before
{Heap before GC invocations=111 (full 5):
 PSYoungGen      total 16896K, used 16448K [0x00000000eab00000, 0x00000000ebe00000, 0x0000000100000000)
  eden space 15360K, 100% used [0x00000000eab00000,0x00000000eba00000,0x00000000eba00000)
  from space 1536K, 70% used [0x00000000ebb00000,0x00000000ebc10000,0x00000000ebc80000)
  to   space 1536K, 0% used [0x00000000ebc80000,0x00000000ebc80000,0x00000000ebe00000)
 ParOldGen       total 94720K, used 86717K [0x00000000c0000000, 0x00000000c5c80000, 0x00000000eab00000)
  object space 94720K, 91% used [0x00000000c0000000,0x00000000c54af748,0x00000000c5c80000)
 Metaspace       used 75133K, committed 76672K, reserved 1179648K
  class space    used 7589K, committed 8192K, reserved 1048576K
}
Event: 16.681 GC heap after
{Heap after GC invocations=111 (full 5):
 PSYoungGen      total 14848K, used 1520K [0x00000000eab00000, 0x00000000ec300000, 0x0000000100000000)
  eden space 13312K, 0% used [0x00000000eab00000,0x00000000eab00000,0x00000000eb800000)
  from space 1536K, 98% used [0x00000000ebc80000,0x00000000ebdfc020,0x00000000ebe00000)
  to   space 4608K, 0% used [0x00000000eb800000,0x00000000eb800000,0x00000000ebc80000)
 ParOldGen       total 94720K, used 89270K [0x00000000c0000000, 0x00000000c5c80000, 0x00000000eab00000)
  object space 94720K, 94% used [0x00000000c0000000,0x00000000c572dad0,0x00000000c5c80000)
 Metaspace       used 75133K, committed 76672K, reserved 1179648K
  class space    used 7589K, committed 8192K, reserved 1048576K
}
Event: 16.842 GC heap before
{Heap before GC invocations=112 (full 5):
 PSYoungGen      total 14848K, used 14832K [0x00000000eab00000, 0x00000000ec300000, 0x0000000100000000)
  eden space 13312K, 100% used [0x00000000eab00000,0x00000000eb800000,0x00000000eb800000)
  from space 1536K, 98% used [0x00000000ebc80000,0x00000000ebdfc020,0x00000000ebe00000)
  to   space 4608K, 0% used [0x00000000eb800000,0x00000000eb800000,0x00000000ebc80000)
 ParOldGen       total 94720K, used 89270K [0x00000000c0000000, 0x00000000c5c80000, 0x00000000eab00000)
  object space 94720K, 94% used [0x00000000c0000000,0x00000000c572dad0,0x00000000c5c80000)
 Metaspace       used 75201K, committed 76736K, reserved 1179648K
  class space    used 7589K, committed 8192K, reserved 1048576K
}
Event: 16.845 GC heap after
{Heap after GC invocations=112 (full 5):
 PSYoungGen      total 15872K, used 2224K [0x00000000eab00000, 0x00000000ebe00000, 0x0000000100000000)
  eden space 13312K, 0% used [0x00000000eab00000,0x00000000eab00000,0x00000000eb800000)
  from space 2560K, 86% used [0x00000000eb800000,0x00000000eba2c010,0x00000000eba80000)
  to   space 3072K, 0% used [0x00000000ebb00000,0x00000000ebb00000,0x00000000ebe00000)
 ParOldGen       total 94720K, used 90779K [0x00000000c0000000, 0x00000000c5c80000, 0x00000000eab00000)
  object space 94720K, 95% used [0x00000000c0000000,0x00000000c58a6c68,0x00000000c5c80000)
 Metaspace       used 75201K, committed 76736K, reserved 1179648K
  class space    used 7589K, committed 8192K, reserved 1048576K
}
Event: 16.936 GC heap before
{Heap before GC invocations=113 (full 5):
 PSYoungGen      total 15872K, used 15536K [0x00000000eab00000, 0x00000000ebe00000, 0x0000000100000000)
  eden space 13312K, 100% used [0x00000000eab00000,0x00000000eb800000,0x00000000eb800000)
  from space 2560K, 86% used [0x00000000eb800000,0x00000000eba2c010,0x00000000eba80000)
  to   space 3072K, 0% used [0x00000000ebb00000,0x00000000ebb00000,0x00000000ebe00000)
 ParOldGen       total 94720K, used 90779K [0x00000000c0000000, 0x00000000c5c80000, 0x00000000eab00000)
  object space 94720K, 95% used [0x00000000c0000000,0x00000000c58a6c68,0x00000000c5c80000)
 Metaspace       used 75217K, committed 76736K, reserved 1179648K
  class space    used 7589K, committed 8192K, reserved 1048576K
}
Event: 16.939 GC heap after
{Heap after GC invocations=113 (full 5):
 PSYoungGen      total 14848K, used 1504K [0x00000000eab00000, 0x00000000ebc80000, 0x0000000100000000)
  eden space 13312K, 0% used [0x00000000eab00000,0x00000000eab00000,0x00000000eb800000)
  from space 1536K, 97% used [0x00000000ebb00000,0x00000000ebc78000,0x00000000ebc80000)
  to   space 2048K, 0% used [0x00000000eb880000,0x00000000eb880000,0x00000000eba80000)
 ParOldGen       total 94720K, used 91929K [0x00000000c0000000, 0x00000000c5c80000, 0x00000000eab00000)
  object space 94720K, 97% used [0x00000000c0000000,0x00000000c59c66a0,0x00000000c5c80000)
 Metaspace       used 75217K, committed 76736K, reserved 1179648K
  class space    used 7589K, committed 8192K, reserved 1048576K
}
Event: 17.301 GC heap before
{Heap before GC invocations=114 (full 5):
 PSYoungGen      total 14848K, used 14815K [0x00000000eab00000, 0x00000000ebc80000, 0x0000000100000000)
  eden space 13312K, 99% used [0x00000000eab00000,0x00000000eb7ffff0,0x00000000eb800000)
  from space 1536K, 97% used [0x00000000ebb00000,0x00000000ebc78000,0x00000000ebc80000)
  to   space 2048K, 0% used [0x00000000eb880000,0x00000000eb880000,0x00000000eba80000)
 ParOldGen       total 94720K, used 91929K [0x00000000c0000000, 0x00000000c5c80000, 0x00000000eab00000)
  object space 94720K, 97% used [0x00000000c0000000,0x00000000c59c66a0,0x00000000c5c80000)
 Metaspace       used 75279K, committed 76800K, reserved 1179648K
  class space    used 7591K, committed 8192K, reserved 1048576K
}
Event: 17.302 GC heap after
{Heap after GC invocations=114 (full 5):
 PSYoungGen      total 15360K, used 352K [0x00000000eab00000, 0x00000000ebb80000, 0x0000000100000000)
  eden space 13312K, 0% used [0x00000000eab00000,0x00000000eab00000,0x00000000eb800000)
  from space 2048K, 17% used [0x00000000eb880000,0x00000000eb8d8000,0x00000000eba80000)
  to   space 1024K, 0% used [0x00000000eba80000,0x00000000eba80000,0x00000000ebb80000)
 ParOldGen       total 94720K, used 92561K [0x00000000c0000000, 0x00000000c5c80000, 0x00000000eab00000)
  object space 94720K, 97% used [0x00000000c0000000,0x00000000c5a646b0,0x00000000c5c80000)
 Metaspace       used 75279K, committed 76800K, reserved 1179648K
  class space    used 7591K, committed 8192K, reserved 1048576K
}
Event: 29.933 GC heap before
{Heap before GC invocations=115 (full 5):
 PSYoungGen      total 15360K, used 13664K [0x00000000eab00000, 0x00000000ebb80000, 0x0000000100000000)
  eden space 13312K, 100% used [0x00000000eab00000,0x00000000eb800000,0x00000000eb800000)
  from space 2048K, 17% used [0x00000000eb880000,0x00000000eb8d8000,0x00000000eba80000)
  to   space 1024K, 0% used [0x00000000eba80000,0x00000000eba80000,0x00000000ebb80000)
 ParOldGen       total 94720K, used 92561K [0x00000000c0000000, 0x00000000c5c80000, 0x00000000eab00000)
  object space 94720K, 97% used [0x00000000c0000000,0x00000000c5a646b0,0x00000000c5c80000)
 Metaspace       used 75693K, committed 77184K, reserved 1179648K
  class space    used 7619K, committed 8192K, reserved 1048576K
}
Event: 29.935 GC heap after
{Heap after GC invocations=115 (full 5):
 PSYoungGen      total 14336K, used 1022K [0x00000000eab00000, 0x00000000ebd00000, 0x0000000100000000)
  eden space 13312K, 0% used [0x00000000eab00000,0x00000000eab00000,0x00000000eb800000)
  from space 1024K, 99% used [0x00000000eba80000,0x00000000ebb7fb30,0x00000000ebb80000)
  to   space 2560K, 0% used [0x00000000eb800000,0x00000000eb800000,0x00000000eba80000)
 ParOldGen       total 94720K, used 93510K [0x00000000c0000000, 0x00000000c5c80000, 0x00000000eab00000)
  object space 94720K, 98% used [0x00000000c0000000,0x00000000c5b518f0,0x00000000c5c80000)
 Metaspace       used 75693K, committed 77184K, reserved 1179648K
  class space    used 7619K, committed 8192K, reserved 1048576K
}
Event: 29.986 GC heap before
{Heap before GC invocations=116 (full 5):
 PSYoungGen      total 14336K, used 14334K [0x00000000eab00000, 0x00000000ebd00000, 0x0000000100000000)
  eden space 13312K, 100% used [0x00000000eab00000,0x00000000eb800000,0x00000000eb800000)
  from space 1024K, 99% used [0x00000000eba80000,0x00000000ebb7fb30,0x00000000ebb80000)
  to   space 2560K, 0% used [0x00000000eb800000,0x00000000eb800000,0x00000000eba80000)
 ParOldGen       total 94720K, used 93510K [0x00000000c0000000, 0x00000000c5c80000, 0x00000000eab00000)
  object space 94720K, 98% used [0x00000000c0000000,0x00000000c5b518f0,0x00000000c5c80000)
 Metaspace       used 75788K, committed 77312K, reserved 1179648K
  class space    used 7625K, committed 8256K, reserved 1048576K
}
Event: 29.989 GC heap after
{Heap after GC invocations=116 (full 5):
 PSYoungGen      total 14848K, used 1088K [0x00000000eab00000, 0x00000000ebb00000, 0x0000000100000000)
  eden space 13312K, 0% used [0x00000000eab00000,0x00000000eab00000,0x00000000eb800000)
  from space 1536K, 70% used [0x00000000eb800000,0x00000000eb910000,0x00000000eb980000)
  to   space 1536K, 0% used [0x00000000eb980000,0x00000000eb980000,0x00000000ebb00000)
 ParOldGen       total 94720K, used 94570K [0x00000000c0000000, 0x00000000c5c80000, 0x00000000eab00000)
  object space 94720K, 99% used [0x00000000c0000000,0x00000000c5c5a910,0x00000000c5c80000)
 Metaspace       used 75788K, committed 77312K, reserved 1179648K
  class space    used 7625K, committed 8256K, reserved 1048576K
}
Event: 29.989 GC heap before
{Heap before GC invocations=117 (full 6):
 PSYoungGen      total 14848K, used 1088K [0x00000000eab00000, 0x00000000ebb00000, 0x0000000100000000)
  eden space 13312K, 0% used [0x00000000eab00000,0x00000000eab00000,0x00000000eb800000)
  from space 1536K, 70% used [0x00000000eb800000,0x00000000eb910000,0x00000000eb980000)
  to   space 1536K, 0% used [0x00000000eb980000,0x00000000eb980000,0x00000000ebb00000)
 ParOldGen       total 94720K, used 94570K [0x00000000c0000000, 0x00000000c5c80000, 0x00000000eab00000)
  object space 94720K, 99% used [0x00000000c0000000,0x00000000c5c5a910,0x00000000c5c80000)
 Metaspace       used 75788K, committed 77312K, reserved 1179648K
  class space    used 7625K, committed 8256K, reserved 1048576K
}
Event: 30.098 GC heap after
{Heap after GC invocations=117 (full 6):
 PSYoungGen      total 14848K, used 0K [0x00000000eab00000, 0x00000000ebb00000, 0x0000000100000000)
  eden space 13312K, 0% used [0x00000000eab00000,0x00000000eab00000,0x00000000eb800000)
  from space 1536K, 0% used [0x00000000eb980000,0x00000000eb980000,0x00000000ebb00000)
  to   space 1536K, 0% used [0x00000000eb800000,0x00000000eb800000,0x00000000eb980000)
 ParOldGen       total 94720K, used 69263K [0x00000000c0000000, 0x00000000c5c80000, 0x00000000eab00000)
  object space 94720K, 73% used [0x00000000c0000000,0x00000000c43a3f50,0x00000000c5c80000)
 Metaspace       used 75788K, committed 77312K, reserved 1179648K
  class space    used 7625K, committed 8256K, reserved 1048576K
}
Event: 30.847 GC heap before
{Heap before GC invocations=118 (full 6):
 PSYoungGen      total 14848K, used 13312K [0x00000000eab00000, 0x00000000ebb00000, 0x0000000100000000)
  eden space 13312K, 100% used [0x00000000eab00000,0x00000000eb800000,0x00000000eb800000)
  from space 1536K, 0% used [0x00000000eb980000,0x00000000eb980000,0x00000000ebb00000)
  to   space 1536K, 0% used [0x00000000eb800000,0x00000000eb800000,0x00000000eb980000)
 ParOldGen       total 94720K, used 69263K [0x00000000c0000000, 0x00000000c5c80000, 0x00000000eab00000)
  object space 94720K, 73% used [0x00000000c0000000,0x00000000c43a3f50,0x00000000c5c80000)
 Metaspace       used 76921K, committed 78400K, reserved 1179648K
  class space    used 7736K, committed 8320K, reserved 1048576K
}
Event: 30.849 GC heap after
{Heap after GC invocations=118 (full 6):
 PSYoungGen      total 14848K, used 1443K [0x00000000eab00000, 0x00000000ebb00000, 0x0000000100000000)
  eden space 13312K, 0% used [0x00000000eab00000,0x00000000eab00000,0x00000000eb800000)
  from space 1536K, 93% used [0x00000000eb800000,0x00000000eb968f20,0x00000000eb980000)
  to   space 1536K, 0% used [0x00000000eb980000,0x00000000eb980000,0x00000000ebb00000)
 ParOldGen       total 94720K, used 69271K [0x00000000c0000000, 0x00000000c5c80000, 0x00000000eab00000)
  object space 94720K, 73% used [0x00000000c0000000,0x00000000c43a5f50,0x00000000c5c80000)
 Metaspace       used 76921K, committed 78400K, reserved 1179648K
  class space    used 7736K, committed 8320K, reserved 1048576K
}

