# JRE version: OpenJDK Runtime Environment Temurin-17.0.10+7 (17.0.10+7) (build 17.0.10+7)
# Java VM: OpenJDK 64-Bit Server VM Temurin-17.0.10+7 (17.0.10+7, mixed mode, tiered, compressed oops, compressed class ptrs, parallel gc, windows-amd64)
GC Precious Log:
 CPUs: 16 total, 16 available
 Memory: 11972M
 Large Page Support: Disabled
 NUMA Support: Disabled
 Compressed Oops: Enabled (32-bit)
 Alignments: Space 512K, Generation 512K, Heap 2M
 Heap Min Capacity: 100M
 Heap Initial Capacity: 100M
 Heap Max Capacity: 1G
 Pre-touch: Disabled
 Parallel Workers: 13
Heap:
 PSYoungGen      total 23040K, used 3041K [0x00000000eab00000, 0x00000000ec600000, 0x0000000100000000)
  eden space 22016K, 10% used [0x00000000eab00000,0x00000000ead2d178,0x00000000ec080000)
  from space 1024K, 79% used [0x00000000ec500000,0x00000000ec5cb410,0x00000000ec600000)
  to   space 1024K, 0% used [0x00000000ec400000,0x00000000ec400000,0x00000000ec500000)
 ParOldGen       total 68608K, used 17543K [0x00000000c0000000, 0x00000000c4300000, 0x00000000eab00000)
  object space 68608K, 25% used [0x00000000c0000000,0x00000000c1121d70,0x00000000c4300000)
 Metaspace       used 40470K, committed 41344K, reserved 1114112K
  class space    used 4118K, committed 4480K, reserved 1048576K
GC Heap History (20 events):
Event: 2.668 GC heap before
{Heap before GC invocations=6 (full 1):
 PSYoungGen      total 29696K, used 4075K [0x00000000eab00000, 0x00000000ece00000, 0x0000000100000000)
  eden space 25600K, 0% used [0x00000000eab00000,0x00000000eab00000,0x00000000ec400000)
  from space 4096K, 99% used [0x00000000ec400000,0x00000000ec7fae40,0x00000000ec800000)
  to   space 5120K, 0% used [0x00000000ec900000,0x00000000ec900000,0x00000000ece00000)
 ParOldGen       total 68608K, used 6920K [0x00000000c0000000, 0x00000000c4300000, 0x00000000eab00000)
  object space 68608K, 10% used [0x00000000c0000000,0x00000000c06c20e0,0x00000000c4300000)
 Metaspace       used 21118K, committed 21504K, reserved 1114112K
  class space    used 2117K, committed 2304K, reserved 1048576K
}
Event: 2.694 GC heap after
{Heap after GC invocations=6 (full 1):
 PSYoungGen      total 29696K, used 0K [0x00000000eab00000, 0x00000000ece00000, 0x0000000100000000)
  eden space 25600K, 0% used [0x00000000eab00000,0x00000000eab00000,0x00000000ec400000)
  from space 4096K, 0% used [0x00000000ec400000,0x00000000ec400000,0x00000000ec800000)
  to   space 5120K, 0% used [0x00000000ec900000,0x00000000ec900000,0x00000000ece00000)
 ParOldGen       total 68608K, used 10545K [0x00000000c0000000, 0x00000000c4300000, 0x00000000eab00000)
  object space 68608K, 15% used [0x00000000c0000000,0x00000000c0a4c778,0x00000000c4300000)
 Metaspace       used 21118K, committed 21504K, reserved 1114112K
  class space    used 2117K, committed 2304K, reserved 1048576K
}
Event: 3.134 GC heap before
{Heap before GC invocations=7 (full 1):
 PSYoungGen      total 29696K, used 25600K [0x00000000eab00000, 0x00000000ece00000, 0x0000000100000000)
  eden space 25600K, 100% used [0x00000000eab00000,0x00000000ec400000,0x00000000ec400000)
  from space 4096K, 0% used [0x00000000ec400000,0x00000000ec400000,0x00000000ec800000)
  to   space 5120K, 0% used [0x00000000ec900000,0x00000000ec900000,0x00000000ece00000)
 ParOldGen       total 68608K, used 10545K [0x00000000c0000000, 0x00000000c4300000, 0x00000000eab00000)
  object space 68608K, 15% used [0x00000000c0000000,0x00000000c0a4c778,0x00000000c4300000)
 Metaspace       used 24418K, committed 24960K, reserved 1114112K
  class space    used 2469K, committed 2688K, reserved 1048576K
}
Event: 3.137 GC heap after
{Heap after GC invocations=7 (full 1):
 PSYoungGen      total 26112K, used 880K [0x00000000eab00000, 0x00000000eca00000, 0x0000000100000000)
  eden space 25088K, 0% used [0x00000000eab00000,0x00000000eab00000,0x00000000ec380000)
  from space 1024K, 86% used [0x00000000ec900000,0x00000000ec9dc290,0x00000000eca00000)
  to   space 2560K, 0% used [0x00000000ec500000,0x00000000ec500000,0x00000000ec780000)
 ParOldGen       total 68608K, used 10553K [0x00000000c0000000, 0x00000000c4300000, 0x00000000eab00000)
  object space 68608K, 15% used [0x00000000c0000000,0x00000000c0a4e778,0x00000000c4300000)
 Metaspace       used 24418K, committed 24960K, reserved 1114112K
  class space    used 2469K, committed 2688K, reserved 1048576K
}
Event: 3.484 GC heap before
{Heap before GC invocations=8 (full 1):
 PSYoungGen      total 26112K, used 25968K [0x00000000eab00000, 0x00000000eca00000, 0x0000000100000000)
  eden space 25088K, 100% used [0x00000000eab00000,0x00000000ec380000,0x00000000ec380000)
  from space 1024K, 86% used [0x00000000ec900000,0x00000000ec9dc290,0x00000000eca00000)
  to   space 2560K, 0% used [0x00000000ec500000,0x00000000ec500000,0x00000000ec780000)
 ParOldGen       total 68608K, used 10553K [0x00000000c0000000, 0x00000000c4300000, 0x00000000eab00000)
  object space 68608K, 15% used [0x00000000c0000000,0x00000000c0a4e778,0x00000000c4300000)
 Metaspace       used 27275K, committed 28032K, reserved 1114112K
  class space    used 2809K, committed 3136K, reserved 1048576K
}
Event: 3.486 GC heap after
{Heap after GC invocations=8 (full 1):
 PSYoungGen      total 27136K, used 2532K [0x00000000eab00000, 0x00000000eca00000, 0x0000000100000000)
  eden space 24576K, 0% used [0x00000000eab00000,0x00000000eab00000,0x00000000ec300000)
  from space 2560K, 98% used [0x00000000ec500000,0x00000000ec7792f8,0x00000000ec780000)
  to   space 2560K, 0% used [0x00000000ec780000,0x00000000ec780000,0x00000000eca00000)
 ParOldGen       total 68608K, used 10961K [0x00000000c0000000, 0x00000000c4300000, 0x00000000eab00000)
  object space 68608K, 15% used [0x00000000c0000000,0x00000000c0ab4778,0x00000000c4300000)
 Metaspace       used 27275K, committed 28032K, reserved 1114112K
  class space    used 2809K, committed 3136K, reserved 1048576K
}
Event: 3.662 GC heap before
{Heap before GC invocations=9 (full 1):
 PSYoungGen      total 27136K, used 27080K [0x00000000eab00000, 0x00000000eca00000, 0x0000000100000000)
  eden space 24576K, 99% used [0x00000000eab00000,0x00000000ec2f9048,0x00000000ec300000)
  from space 2560K, 98% used [0x00000000ec500000,0x00000000ec7792f8,0x00000000ec780000)
  to   space 2560K, 0% used [0x00000000ec780000,0x00000000ec780000,0x00000000eca00000)
 ParOldGen       total 68608K, used 10961K [0x00000000c0000000, 0x00000000c4300000, 0x00000000eab00000)
  object space 68608K, 15% used [0x00000000c0000000,0x00000000c0ab4778,0x00000000c4300000)
 Metaspace       used 29708K, committed 30400K, reserved 1114112K
  class space    used 2968K, committed 3264K, reserved 1048576K
}
Event: 3.663 GC heap after
{Heap after GC invocations=9 (full 1):
 PSYoungGen      total 26624K, used 2535K [0x00000000eab00000, 0x00000000eca00000, 0x0000000100000000)
  eden space 24064K, 0% used [0x00000000eab00000,0x00000000eab00000,0x00000000ec280000)
  from space 2560K, 99% used [0x00000000ec780000,0x00000000ec9f9f18,0x00000000eca00000)
  to   space 3584K, 0% used [0x00000000ec300000,0x00000000ec300000,0x00000000ec680000)
 ParOldGen       total 68608K, used 11707K [0x00000000c0000000, 0x00000000c4300000, 0x00000000eab00000)
  object space 68608K, 17% used [0x00000000c0000000,0x00000000c0b6ee10,0x00000000c4300000)
 Metaspace       used 29708K, committed 30400K, reserved 1114112K
  class space    used 2968K, committed 3264K, reserved 1048576K
}
Event: 3.874 GC heap before
{Heap before GC invocations=10 (full 1):
 PSYoungGen      total 26624K, used 26599K [0x00000000eab00000, 0x00000000eca00000, 0x0000000100000000)
  eden space 24064K, 100% used [0x00000000eab00000,0x00000000ec280000,0x00000000ec280000)
  from space 2560K, 99% used [0x00000000ec780000,0x00000000ec9f9f18,0x00000000eca00000)
  to   space 3584K, 0% used [0x00000000ec300000,0x00000000ec300000,0x00000000ec680000)
 ParOldGen       total 68608K, used 11707K [0x00000000c0000000, 0x00000000c4300000, 0x00000000eab00000)
  object space 68608K, 17% used [0x00000000c0000000,0x00000000c0b6ee10,0x00000000c4300000)
 Metaspace       used 32969K, committed 33728K, reserved 1114112K
  class space    used 3217K, committed 3520K, reserved 1048576K
}
Event: 3.876 GC heap after
{Heap after GC invocations=10 (full 1):
 PSYoungGen      total 27136K, used 3235K [0x00000000eab00000, 0x00000000ec900000, 0x0000000100000000)
  eden space 23552K, 0% used [0x00000000eab00000,0x00000000eab00000,0x00000000ec200000)
  from space 3584K, 90% used [0x00000000ec300000,0x00000000ec628d98,0x00000000ec680000)
  to   space 2560K, 0% used [0x00000000ec680000,0x00000000ec680000,0x00000000ec900000)
 ParOldGen       total 68608K, used 13124K [0x00000000c0000000, 0x00000000c4300000, 0x00000000eab00000)
  object space 68608K, 19% used [0x00000000c0000000,0x00000000c0cd1228,0x00000000c4300000)
 Metaspace       used 32969K, committed 33728K, reserved 1114112K
  class space    used 3217K, committed 3520K, reserved 1048576K
}
Event: 5.172 GC heap before
{Heap before GC invocations=11 (full 1):
 PSYoungGen      total 27136K, used 26787K [0x00000000eab00000, 0x00000000ec900000, 0x0000000100000000)
  eden space 23552K, 100% used [0x00000000eab00000,0x00000000ec200000,0x00000000ec200000)
  from space 3584K, 90% used [0x00000000ec300000,0x00000000ec628d98,0x00000000ec680000)
  to   space 2560K, 0% used [0x00000000ec680000,0x00000000ec680000,0x00000000ec900000)
 ParOldGen       total 68608K, used 13124K [0x00000000c0000000, 0x00000000c4300000, 0x00000000eab00000)
  object space 68608K, 19% used [0x00000000c0000000,0x00000000c0cd1228,0x00000000c4300000)
 Metaspace       used 34632K, committed 35456K, reserved 1114112K
  class space    used 3380K, committed 3712K, reserved 1048576K
}
Event: 5.174 GC heap after
{Heap after GC invocations=11 (full 1):
 PSYoungGen      total 25600K, used 2222K [0x00000000eab00000, 0x00000000ec900000, 0x0000000100000000)
  eden space 23040K, 0% used [0x00000000eab00000,0x00000000eab00000,0x00000000ec180000)
  from space 2560K, 86% used [0x00000000ec680000,0x00000000ec8ab9e0,0x00000000ec900000)
  to   space 3072K, 0% used [0x00000000ec300000,0x00000000ec300000,0x00000000ec600000)
 ParOldGen       total 68608K, used 15093K [0x00000000c0000000, 0x00000000c4300000, 0x00000000eab00000)
  object space 68608K, 21% used [0x00000000c0000000,0x00000000c0ebd6c0,0x00000000c4300000)
 Metaspace       used 34632K, committed 35456K, reserved 1114112K
  class space    used 3380K, committed 3712K, reserved 1048576K
}
Event: 5.194 GC heap before
{Heap before GC invocations=12 (full 1):
 PSYoungGen      total 25600K, used 5004K [0x00000000eab00000, 0x00000000ec900000, 0x0000000100000000)
  eden space 23040K, 12% used [0x00000000eab00000,0x00000000eadb7898,0x00000000ec180000)
  from space 2560K, 86% used [0x00000000ec680000,0x00000000ec8ab9e0,0x00000000ec900000)
  to   space 3072K, 0% used [0x00000000ec300000,0x00000000ec300000,0x00000000ec600000)
 ParOldGen       total 68608K, used 15093K [0x00000000c0000000, 0x00000000c4300000, 0x00000000eab00000)
  object space 68608K, 21% used [0x00000000c0000000,0x00000000c0ebd6c0,0x00000000c4300000)
 Metaspace       used 35130K, committed 35968K, reserved 1114112K
  class space    used 3410K, committed 3776K, reserved 1048576K
}
Event: 5.195 GC heap after
{Heap after GC invocations=12 (full 1):
 PSYoungGen      total 24064K, used 663K [0x00000000eab00000, 0x00000000ec700000, 0x0000000100000000)
  eden space 23040K, 0% used [0x00000000eab00000,0x00000000eab00000,0x00000000ec180000)
  from space 1024K, 64% used [0x00000000ec300000,0x00000000ec3a5d10,0x00000000ec400000)
  to   space 1536K, 0% used [0x00000000ec580000,0x00000000ec580000,0x00000000ec700000)
 ParOldGen       total 68608K, used 17168K [0x00000000c0000000, 0x00000000c4300000, 0x00000000eab00000)
  object space 68608K, 25% used [0x00000000c0000000,0x00000000c10c43a8,0x00000000c4300000)
 Metaspace       used 35130K, committed 35968K, reserved 1114112K
  class space    used 3410K, committed 3776K, reserved 1048576K
}
Event: 5.205 GC heap before
{Heap before GC invocations=13 (full 1):
 PSYoungGen      total 24064K, used 2558K [0x00000000eab00000, 0x00000000ec700000, 0x0000000100000000)
  eden space 23040K, 8% used [0x00000000eab00000,0x00000000eacd9de0,0x00000000ec180000)
  from space 1024K, 64% used [0x00000000ec300000,0x00000000ec3a5d10,0x00000000ec400000)
  to   space 1536K, 0% used [0x00000000ec580000,0x00000000ec580000,0x00000000ec700000)
 ParOldGen       total 68608K, used 17168K [0x00000000c0000000, 0x00000000c4300000, 0x00000000eab00000)
  object space 68608K, 25% used [0x00000000c0000000,0x00000000c10c43a8,0x00000000c4300000)
 Metaspace       used 35364K, committed 36160K, reserved 1114112K
  class space    used 3437K, committed 3776K, reserved 1048576K
}
Event: 5.206 GC heap after
{Heap after GC invocations=13 (full 1):
 PSYoungGen      total 23552K, used 416K [0x00000000eab00000, 0x00000000ec600000, 0x0000000100000000)
  eden space 23040K, 0% used [0x00000000eab00000,0x00000000eab00000,0x00000000ec180000)
  from space 512K, 81% used [0x00000000ec580000,0x00000000ec5e8000,0x00000000ec600000)
  to   space 1024K, 0% used [0x00000000ec400000,0x00000000ec400000,0x00000000ec500000)
 ParOldGen       total 68608K, used 17440K [0x00000000c0000000, 0x00000000c4300000, 0x00000000eab00000)
  object space 68608K, 25% used [0x00000000c0000000,0x00000000c1108138,0x00000000c4300000)
 Metaspace       used 35364K, committed 36160K, reserved 1114112K
  class space    used 3437K, committed 3776K, reserved 1048576K
}
Event: 5.206 GC heap before
{Heap before GC invocations=14 (full 2):
 PSYoungGen      total 23552K, used 416K [0x00000000eab00000, 0x00000000ec600000, 0x0000000100000000)
  eden space 23040K, 0% used [0x00000000eab00000,0x00000000eab00000,0x00000000ec180000)
  from space 512K, 81% used [0x00000000ec580000,0x00000000ec5e8000,0x00000000ec600000)
  to   space 1024K, 0% used [0x00000000ec400000,0x00000000ec400000,0x00000000ec500000)
 ParOldGen       total 68608K, used 17440K [0x00000000c0000000, 0x00000000c4300000, 0x00000000eab00000)
  object space 68608K, 25% used [0x00000000c0000000,0x00000000c1108138,0x00000000c4300000)
 Metaspace       used 35364K, committed 36160K, reserved 1114112K
  class space    used 3437K, committed 3776K, reserved 1048576K
}
Event: 5.229 GC heap after
{Heap after GC invocations=14 (full 2):
 PSYoungGen      total 23552K, used 0K [0x00000000eab00000, 0x00000000ec600000, 0x0000000100000000)
  eden space 23040K, 0% used [0x00000000eab00000,0x00000000eab00000,0x00000000ec180000)
  from space 512K, 0% used [0x00000000ec580000,0x00000000ec580000,0x00000000ec600000)
  to   space 1024K, 0% used [0x00000000ec400000,0x00000000ec400000,0x00000000ec500000)
 ParOldGen       total 68608K, used 15857K [0x00000000c0000000, 0x00000000c4300000, 0x00000000eab00000)
  object space 68608K, 23% used [0x00000000c0000000,0x00000000c0f7c590,0x00000000c4300000)
 Metaspace       used 35351K, committed 36160K, reserved 1114112K
  class space    used 3434K, committed 3776K, reserved 1048576K
}
Event: 5.362 GC heap before
{Heap before GC invocations=15 (full 2):
 PSYoungGen      total 23552K, used 23040K [0x00000000eab00000, 0x00000000ec600000, 0x0000000100000000)
  eden space 23040K, 100% used [0x00000000eab00000,0x00000000ec180000,0x00000000ec180000)
  from space 512K, 0% used [0x00000000ec580000,0x00000000ec580000,0x00000000ec600000)
  to   space 1024K, 0% used [0x00000000ec400000,0x00000000ec400000,0x00000000ec500000)
 ParOldGen       total 68608K, used 15857K [0x00000000c0000000, 0x00000000c4300000, 0x00000000eab00000)
  object space 68608K, 23% used [0x00000000c0000000,0x00000000c0f7c590,0x00000000c4300000)
 Metaspace       used 38511K, committed 39360K, reserved 1114112K
  class space    used 3845K, committed 4224K, reserved 1048576K
}
Event: 5.364 GC heap after
{Heap after GC invocations=15 (full 2):
 PSYoungGen      total 23552K, used 1024K [0x00000000eab00000, 0x00000000ec600000, 0x0000000100000000)
  eden space 22528K, 0% used [0x00000000eab00000,0x00000000eab00000,0x00000000ec100000)
  from space 1024K, 100% used [0x00000000ec400000,0x00000000ec500000,0x00000000ec500000)
  to   space 1024K, 0% used [0x00000000ec500000,0x00000000ec500000,0x00000000ec600000)
 ParOldGen       total 68608K, used 15889K [0x00000000c0000000, 0x00000000c4300000, 0x00000000eab00000)
  object space 68608K, 23% used [0x00000000c0000000,0x00000000c0f845a0,0x00000000c4300000)
 Metaspace       used 38511K, committed 39360K, reserved 1114112K
  class space    used 3845K, committed 4224K, reserved 1048576K
}

