# JRE version: OpenJDK Runtime Environment Temurin-17.0.10+7 (17.0.10+7) (build 17.0.10+7)
# Java VM: OpenJDK 64-Bit Server VM Temurin-17.0.10+7 (17.0.10+7, mixed mode, emulated-client, tiered, compressed oops, compressed class ptrs, g1 gc, windows-amd64)
GC Precious Log:
 CPUs: 16 total, 16 available
 Memory: 11972M
 Large Page Support: Disabled
 NUMA Support: Disabled
 Compressed Oops: Enabled (32-bit)
 Heap Region Size: 1M
 Heap Min Capacity: 8M
 Heap Initial Capacity: 188M
 Heap Max Capacity: 1G
 Pre-touch: Disabled
 Parallel Workers: 13
 Concurrent Workers: 3
 Concurrent Refinement Workers: 13
 Periodic GC: Disabled
Heap:
 garbage-first heap   total 80896K, used 38077K [0x00000000c0000000, 0x0000000100000000)
  region size 1024K, 1 young (1024K), 0 survivors (0K)
 Metaspace       used 58446K, committed 59072K, reserved 1114112K
  class space    used 7265K, committed 7552K, reserved 1048576K
GC Heap History (20 events):
Event: 32616.726 GC heap before
{Heap before GC invocations=2964 (full 2946):
 garbage-first heap   total 80896K, used 38077K [0x00000000c0000000, 0x0000000100000000)
  region size 1024K, 1 young (1024K), 0 survivors (0K)
 Metaspace       used 58446K, committed 59072K, reserved 1114112K
  class space    used 7265K, committed 7552K, reserved 1048576K
}
Event: 32616.758 GC heap after
{Heap after GC invocations=2965 (full 2947):
 garbage-first heap   total 80896K, used 38077K [0x00000000c0000000, 0x0000000100000000)
  region size 1024K, 0 young (0K), 0 survivors (0K)
 Metaspace       used 58446K, committed 59072K, reserved 1114112K
  class space    used 7265K, committed 7552K, reserved 1048576K
}
Event: 32628.652 GC heap before
{Heap before GC invocations=2965 (full 2947):
 garbage-first heap   total 80896K, used 38077K [0x00000000c0000000, 0x0000000100000000)
  region size 1024K, 1 young (1024K), 0 survivors (0K)
 Metaspace       used 58446K, committed 59072K, reserved 1114112K
  class space    used 7265K, committed 7552K, reserved 1048576K
}
Event: 32628.685 GC heap after
{Heap after GC invocations=2966 (full 2948):
 garbage-first heap   total 80896K, used 38077K [0x00000000c0000000, 0x0000000100000000)
  region size 1024K, 0 young (0K), 0 survivors (0K)
 Metaspace       used 58446K, committed 59072K, reserved 1114112K
  class space    used 7265K, committed 7552K, reserved 1048576K
}
Event: 32640.770 GC heap before
{Heap before GC invocations=2966 (full 2948):
 garbage-first heap   total 80896K, used 38077K [0x00000000c0000000, 0x0000000100000000)
  region size 1024K, 1 young (1024K), 0 survivors (0K)
 Metaspace       used 58446K, committed 59072K, reserved 1114112K
  class space    used 7265K, committed 7552K, reserved 1048576K
}
Event: 32640.818 GC heap after
{Heap after GC invocations=2967 (full 2949):
 garbage-first heap   total 80896K, used 38077K [0x00000000c0000000, 0x0000000100000000)
  region size 1024K, 0 young (0K), 0 survivors (0K)
 Metaspace       used 58446K, committed 59072K, reserved 1114112K
  class space    used 7265K, committed 7552K, reserved 1048576K
}
Event: 32652.669 GC heap before
{Heap before GC invocations=2967 (full 2949):
 garbage-first heap   total 80896K, used 38077K [0x00000000c0000000, 0x0000000100000000)
  region size 1024K, 1 young (1024K), 0 survivors (0K)
 Metaspace       used 58446K, committed 59072K, reserved 1114112K
  class space    used 7265K, committed 7552K, reserved 1048576K
}
Event: 32652.700 GC heap after
{Heap after GC invocations=2968 (full 2950):
 garbage-first heap   total 80896K, used 38077K [0x00000000c0000000, 0x0000000100000000)
  region size 1024K, 0 young (0K), 0 survivors (0K)
 Metaspace       used 58446K, committed 59072K, reserved 1114112K
  class space    used 7265K, committed 7552K, reserved 1048576K
}
Event: 32664.297 GC heap before
{Heap before GC invocations=2968 (full 2950):
 garbage-first heap   total 80896K, used 38077K [0x00000000c0000000, 0x0000000100000000)
  region size 1024K, 1 young (1024K), 0 survivors (0K)
 Metaspace       used 58446K, committed 59072K, reserved 1114112K
  class space    used 7265K, committed 7552K, reserved 1048576K
}
Event: 32664.327 GC heap after
{Heap after GC invocations=2969 (full 2951):
 garbage-first heap   total 80896K, used 38077K [0x00000000c0000000, 0x0000000100000000)
  region size 1024K, 0 young (0K), 0 survivors (0K)
 Metaspace       used 58446K, committed 59072K, reserved 1114112K
  class space    used 7265K, committed 7552K, reserved 1048576K
}
Event: 32675.973 GC heap before
{Heap before GC invocations=2969 (full 2951):
 garbage-first heap   total 80896K, used 38077K [0x00000000c0000000, 0x0000000100000000)
  region size 1024K, 1 young (1024K), 0 survivors (0K)
 Metaspace       used 58446K, committed 59072K, reserved 1114112K
  class space    used 7265K, committed 7552K, reserved 1048576K
}
Event: 32675.999 GC heap after
{Heap after GC invocations=2970 (full 2952):
 garbage-first heap   total 80896K, used 38077K [0x00000000c0000000, 0x0000000100000000)
  region size 1024K, 0 young (0K), 0 survivors (0K)
 Metaspace       used 58446K, committed 59072K, reserved 1114112K
  class space    used 7265K, committed 7552K, reserved 1048576K
}
Event: 32687.892 GC heap before
{Heap before GC invocations=2970 (full 2952):
 garbage-first heap   total 80896K, used 38077K [0x00000000c0000000, 0x0000000100000000)
  region size 1024K, 1 young (1024K), 0 survivors (0K)
 Metaspace       used 58446K, committed 59072K, reserved 1114112K
  class space    used 7265K, committed 7552K, reserved 1048576K
}
Event: 32687.928 GC heap after
{Heap after GC invocations=2971 (full 2953):
 garbage-first heap   total 80896K, used 38077K [0x00000000c0000000, 0x0000000100000000)
  region size 1024K, 0 young (0K), 0 survivors (0K)
 Metaspace       used 58446K, committed 59072K, reserved 1114112K
  class space    used 7265K, committed 7552K, reserved 1048576K
}
Event: 32699.905 GC heap before
{Heap before GC invocations=2971 (full 2953):
 garbage-first heap   total 80896K, used 38077K [0x00000000c0000000, 0x0000000100000000)
  region size 1024K, 1 young (1024K), 0 survivors (0K)
 Metaspace       used 58446K, committed 59072K, reserved 1114112K
  class space    used 7265K, committed 7552K, reserved 1048576K
}
Event: 32699.941 GC heap after
{Heap after GC invocations=2972 (full 2954):
 garbage-first heap   total 80896K, used 38077K [0x00000000c0000000, 0x0000000100000000)
  region size 1024K, 0 young (0K), 0 survivors (0K)
 Metaspace       used 58446K, committed 59072K, reserved 1114112K
  class space    used 7265K, committed 7552K, reserved 1048576K
}
Event: 32711.928 GC heap before
{Heap before GC invocations=2972 (full 2954):
 garbage-first heap   total 80896K, used 38077K [0x00000000c0000000, 0x0000000100000000)
  region size 1024K, 1 young (1024K), 0 survivors (0K)
 Metaspace       used 58446K, committed 59072K, reserved 1114112K
  class space    used 7265K, committed 7552K, reserved 1048576K
}
Event: 32711.968 GC heap after
{Heap after GC invocations=2973 (full 2955):
 garbage-first heap   total 80896K, used 38077K [0x00000000c0000000, 0x0000000100000000)
  region size 1024K, 0 young (0K), 0 survivors (0K)
 Metaspace       used 58446K, committed 59072K, reserved 1114112K
  class space    used 7265K, committed 7552K, reserved 1048576K
}
Event: 32724.118 GC heap before
{Heap before GC invocations=2973 (full 2955):
 garbage-first heap   total 80896K, used 38077K [0x00000000c0000000, 0x0000000100000000)
  region size 1024K, 1 young (1024K), 0 survivors (0K)
 Metaspace       used 58446K, committed 59072K, reserved 1114112K
  class space    used 7265K, committed 7552K, reserved 1048576K
}
Event: 32724.156 GC heap after
{Heap after GC invocations=2974 (full 2956):
 garbage-first heap   total 80896K, used 38077K [0x00000000c0000000, 0x0000000100000000)
  region size 1024K, 0 young (0K), 0 survivors (0K)
 Metaspace       used 58446K, committed 59072K, reserved 1114112K
  class space    used 7265K, committed 7552K, reserved 1048576K
}

