# JRE version: OpenJDK Runtime Environment Temurin-17.0.10+7 (17.0.10+7) (build 17.0.10+7)
# Java VM: OpenJDK 64-Bit Server VM Temurin-17.0.10+7 (17.0.10+7, mixed mode, tiered, compressed oops, compressed class ptrs, parallel gc, windows-amd64)
GC Precious Log:
 CPUs: 16 total, 16 available
 Memory: 11972M
 Large Page Support: Disabled
 NUMA Support: Disabled
 Compressed Oops: Enabled (32-bit)
 Alignments: Space 512K, Generation 512K, Heap 2M
 Heap Min Capacity: 100M
 Heap Initial Capacity: 100M
 Heap Max Capacity: 1G
 Pre-touch: Disabled
 Parallel Workers: 13
Heap:
 PSYoungGen      total 15360K, used 15213K [0x00000000eab00000, 0x00000000ebd80000, 0x0000000100000000)
  eden space 12288K, 99% used [0x00000000eab00000,0x00000000eb6fa040,0x00000000eb700000)
  from space 3072K, 95% used [0x00000000eba80000,0x00000000ebd613d8,0x00000000ebd80000)
  to   space 3072K, 0% used [0x00000000eb780000,0x00000000eb780000,0x00000000eba80000)
 ParOldGen       total 132608K, used 110715K [0x00000000c0000000, 0x00000000c8180000, 0x00000000eab00000)
  object space 132608K, 83% used [0x00000000c0000000,0x00000000c6c1ee10,0x00000000c8180000)
 Metaspace       used 82779K, committed 84224K, reserved 1179648K
  class space    used 8329K, committed 8960K, reserved 1048576K
GC Heap History (20 events):
Event: 15.100 GC heap before
{Heap before GC invocations=234 (full 8):
 PSYoungGen      total 15360K, used 15103K [0x00000000eab00000, 0x00000000ec000000, 0x0000000100000000)
  eden space 13824K, 99% used [0x00000000eab00000,0x00000000eb87fff0,0x00000000eb880000)
  from space 1536K, 83% used [0x00000000ebe80000,0x00000000ebfc0000,0x00000000ec000000)
  to   space 3072K, 0% used [0x00000000eba00000,0x00000000eba00000,0x00000000ebd00000)
 ParOldGen       total 132608K, used 98294K [0x00000000c0000000, 0x00000000c8180000, 0x00000000eab00000)
  object space 132608K, 74% used [0x00000000c0000000,0x00000000c5ffdbb0,0x00000000c8180000)
 Metaspace       used 81906K, committed 83392K, reserved 1179648K
  class space    used 8292K, committed 8960K, reserved 1048576K
}
Event: 15.102 GC heap after
{Heap after GC invocations=234 (full 8):
 PSYoungGen      total 16896K, used 3040K [0x00000000eab00000, 0x00000000ec180000, 0x0000000100000000)
  eden space 13824K, 0% used [0x00000000eab00000,0x00000000eab00000,0x00000000eb880000)
  from space 3072K, 98% used [0x00000000eba00000,0x00000000ebcf8010,0x00000000ebd00000)
  to   space 4608K, 0% used [0x00000000ebd00000,0x00000000ebd00000,0x00000000ec180000)
 ParOldGen       total 132608K, used 98974K [0x00000000c0000000, 0x00000000c8180000, 0x00000000eab00000)
  object space 132608K, 74% used [0x00000000c0000000,0x00000000c60a7bb0,0x00000000c8180000)
 Metaspace       used 81906K, committed 83392K, reserved 1179648K
  class space    used 8292K, committed 8960K, reserved 1048576K
}
Event: 15.136 GC heap before
{Heap before GC invocations=235 (full 8):
 PSYoungGen      total 16896K, used 16864K [0x00000000eab00000, 0x00000000ec180000, 0x0000000100000000)
  eden space 13824K, 100% used [0x00000000eab00000,0x00000000eb880000,0x00000000eb880000)
  from space 3072K, 98% used [0x00000000eba00000,0x00000000ebcf8010,0x00000000ebd00000)
  to   space 4608K, 0% used [0x00000000ebd00000,0x00000000ebd00000,0x00000000ec180000)
 ParOldGen       total 132608K, used 98977K [0x00000000c0000000, 0x00000000c8180000, 0x00000000eab00000)
  object space 132608K, 74% used [0x00000000c0000000,0x00000000c60a84d8,0x00000000c8180000)
 Metaspace       used 82004K, committed 83520K, reserved 1179648K
  class space    used 8292K, committed 8960K, reserved 1048576K
}
Event: 15.138 GC heap after
{Heap after GC invocations=235 (full 8):
 PSYoungGen      total 15872K, used 1664K [0x00000000eab00000, 0x00000000ebf00000, 0x0000000100000000)
  eden space 13824K, 0% used [0x00000000eab00000,0x00000000eab00000,0x00000000eb880000)
  from space 2048K, 81% used [0x00000000ebd00000,0x00000000ebea0000,0x00000000ebf00000)
  to   space 2560K, 0% used [0x00000000eba00000,0x00000000eba00000,0x00000000ebc80000)
 ParOldGen       total 132608K, used 101995K [0x00000000c0000000, 0x00000000c8180000, 0x00000000eab00000)
  object space 132608K, 76% used [0x00000000c0000000,0x00000000c639af70,0x00000000c8180000)
 Metaspace       used 82004K, committed 83520K, reserved 1179648K
  class space    used 8292K, committed 8960K, reserved 1048576K
}
Event: 15.197 GC heap before
{Heap before GC invocations=236 (full 8):
 PSYoungGen      total 15872K, used 15488K [0x00000000eab00000, 0x00000000ebf00000, 0x0000000100000000)
  eden space 13824K, 100% used [0x00000000eab00000,0x00000000eb880000,0x00000000eb880000)
  from space 2048K, 81% used [0x00000000ebd00000,0x00000000ebea0000,0x00000000ebf00000)
  to   space 2560K, 0% used [0x00000000eba00000,0x00000000eba00000,0x00000000ebc80000)
 ParOldGen       total 132608K, used 101995K [0x00000000c0000000, 0x00000000c8180000, 0x00000000eab00000)
  object space 132608K, 76% used [0x00000000c0000000,0x00000000c639af70,0x00000000c8180000)
 Metaspace       used 82066K, committed 83584K, reserved 1179648K
  class space    used 8294K, committed 8960K, reserved 1048576K
}
Event: 15.199 GC heap after
{Heap after GC invocations=236 (full 8):
 PSYoungGen      total 16384K, used 2532K [0x00000000eab00000, 0x00000000ebf80000, 0x0000000100000000)
  eden space 13824K, 0% used [0x00000000eab00000,0x00000000eab00000,0x00000000eb880000)
  from space 2560K, 98% used [0x00000000eba00000,0x00000000ebc79210,0x00000000ebc80000)
  to   space 3072K, 0% used [0x00000000ebc80000,0x00000000ebc80000,0x00000000ebf80000)
 ParOldGen       total 132608K, used 102472K [0x00000000c0000000, 0x00000000c8180000, 0x00000000eab00000)
  object space 132608K, 77% used [0x00000000c0000000,0x00000000c6412228,0x00000000c8180000)
 Metaspace       used 82066K, committed 83584K, reserved 1179648K
  class space    used 8294K, committed 8960K, reserved 1048576K
}
Event: 15.245 GC heap before
{Heap before GC invocations=237 (full 8):
 PSYoungGen      total 16384K, used 16356K [0x00000000eab00000, 0x00000000ebf80000, 0x0000000100000000)
  eden space 13824K, 100% used [0x00000000eab00000,0x00000000eb880000,0x00000000eb880000)
  from space 2560K, 98% used [0x00000000eba00000,0x00000000ebc79210,0x00000000ebc80000)
  to   space 3072K, 0% used [0x00000000ebc80000,0x00000000ebc80000,0x00000000ebf80000)
 ParOldGen       total 132608K, used 102472K [0x00000000c0000000, 0x00000000c8180000, 0x00000000eab00000)
  object space 132608K, 77% used [0x00000000c0000000,0x00000000c6412228,0x00000000c8180000)
 Metaspace       used 82149K, committed 83648K, reserved 1179648K
  class space    used 8305K, committed 8960K, reserved 1048576K
}
Event: 15.248 GC heap after
{Heap after GC invocations=237 (full 8):
 PSYoungGen      total 14848K, used 928K [0x00000000eab00000, 0x00000000ebd80000, 0x0000000100000000)
  eden space 13824K, 0% used [0x00000000eab00000,0x00000000eab00000,0x00000000eb880000)
  from space 1024K, 90% used [0x00000000ebc80000,0x00000000ebd68000,0x00000000ebd80000)
  to   space 2048K, 0% used [0x00000000eb980000,0x00000000eb980000,0x00000000ebb80000)
 ParOldGen       total 132608K, used 104989K [0x00000000c0000000, 0x00000000c8180000, 0x00000000eab00000)
  object space 132608K, 79% used [0x00000000c0000000,0x00000000c66874d8,0x00000000c8180000)
 Metaspace       used 82149K, committed 83648K, reserved 1179648K
  class space    used 8305K, committed 8960K, reserved 1048576K
}
Event: 15.333 GC heap before
{Heap before GC invocations=238 (full 8):
 PSYoungGen      total 14848K, used 14752K [0x00000000eab00000, 0x00000000ebd80000, 0x0000000100000000)
  eden space 13824K, 100% used [0x00000000eab00000,0x00000000eb880000,0x00000000eb880000)
  from space 1024K, 90% used [0x00000000ebc80000,0x00000000ebd68000,0x00000000ebd80000)
  to   space 2048K, 0% used [0x00000000eb980000,0x00000000eb980000,0x00000000ebb80000)
 ParOldGen       total 132608K, used 104989K [0x00000000c0000000, 0x00000000c8180000, 0x00000000eab00000)
  object space 132608K, 79% used [0x00000000c0000000,0x00000000c66874d8,0x00000000c8180000)
 Metaspace       used 82222K, committed 83712K, reserved 1179648K
  class space    used 8305K, committed 8960K, reserved 1048576K
}
Event: 15.335 GC heap after
{Heap after GC invocations=238 (full 8):
 PSYoungGen      total 15872K, used 2016K [0x00000000eab00000, 0x00000000ebd80000, 0x0000000100000000)
  eden space 13824K, 0% used [0x00000000eab00000,0x00000000eab00000,0x00000000eb880000)
  from space 2048K, 98% used [0x00000000eb980000,0x00000000ebb78020,0x00000000ebb80000)
  to   space 2048K, 0% used [0x00000000ebb80000,0x00000000ebb80000,0x00000000ebd80000)
 ParOldGen       total 132608K, used 104997K [0x00000000c0000000, 0x00000000c8180000, 0x00000000eab00000)
  object space 132608K, 79% used [0x00000000c0000000,0x00000000c66894d8,0x00000000c8180000)
 Metaspace       used 82222K, committed 83712K, reserved 1179648K
  class space    used 8305K, committed 8960K, reserved 1048576K
}
Event: 15.479 GC heap before
{Heap before GC invocations=239 (full 8):
 PSYoungGen      total 15872K, used 15840K [0x00000000eab00000, 0x00000000ebd80000, 0x0000000100000000)
  eden space 13824K, 100% used [0x00000000eab00000,0x00000000eb880000,0x00000000eb880000)
  from space 2048K, 98% used [0x00000000eb980000,0x00000000ebb78020,0x00000000ebb80000)
  to   space 2048K, 0% used [0x00000000ebb80000,0x00000000ebb80000,0x00000000ebd80000)
 ParOldGen       total 132608K, used 104997K [0x00000000c0000000, 0x00000000c8180000, 0x00000000eab00000)
  object space 132608K, 79% used [0x00000000c0000000,0x00000000c66894d8,0x00000000c8180000)
 Metaspace       used 82380K, committed 83840K, reserved 1179648K
  class space    used 8305K, committed 8960K, reserved 1048576K
}
Event: 15.481 GC heap after
{Heap after GC invocations=239 (full 8):
 PSYoungGen      total 14336K, used 2048K [0x00000000eab00000, 0x00000000ec180000, 0x0000000100000000)
  eden space 12288K, 0% used [0x00000000eab00000,0x00000000eab00000,0x00000000eb700000)
  from space 2048K, 100% used [0x00000000ebb80000,0x00000000ebd80000,0x00000000ebd80000)
  to   space 4608K, 0% used [0x00000000eb700000,0x00000000eb700000,0x00000000ebb80000)
 ParOldGen       total 132608K, used 106881K [0x00000000c0000000, 0x00000000c8180000, 0x00000000eab00000)
  object space 132608K, 80% used [0x00000000c0000000,0x00000000c6860650,0x00000000c8180000)
 Metaspace       used 82380K, committed 83840K, reserved 1179648K
  class space    used 8305K, committed 8960K, reserved 1048576K
}
Event: 15.592 GC heap before
{Heap before GC invocations=240 (full 8):
 PSYoungGen      total 14336K, used 13730K [0x00000000eab00000, 0x00000000ec180000, 0x0000000100000000)
  eden space 12288K, 95% used [0x00000000eab00000,0x00000000eb668800,0x00000000eb700000)
  from space 2048K, 100% used [0x00000000ebb80000,0x00000000ebd80000,0x00000000ebd80000)
  to   space 4608K, 0% used [0x00000000eb700000,0x00000000eb700000,0x00000000ebb80000)
 ParOldGen       total 132608K, used 106881K [0x00000000c0000000, 0x00000000c8180000, 0x00000000eab00000)
  object space 132608K, 80% used [0x00000000c0000000,0x00000000c6860650,0x00000000c8180000)
 Metaspace       used 82505K, committed 83968K, reserved 1179648K
  class space    used 8305K, committed 8960K, reserved 1048576K
}
Event: 15.594 GC heap after
{Heap after GC invocations=240 (full 8):
 PSYoungGen      total 16384K, used 3610K [0x00000000eab00000, 0x00000000ebf00000, 0x0000000100000000)
  eden space 12288K, 0% used [0x00000000eab00000,0x00000000eab00000,0x00000000eb700000)
  from space 4096K, 88% used [0x00000000eb700000,0x00000000eba86b58,0x00000000ebb00000)
  to   space 4096K, 0% used [0x00000000ebb00000,0x00000000ebb00000,0x00000000ebf00000)
 ParOldGen       total 132608K, used 108834K [0x00000000c0000000, 0x00000000c8180000, 0x00000000eab00000)
  object space 132608K, 82% used [0x00000000c0000000,0x00000000c6a48930,0x00000000c8180000)
 Metaspace       used 82505K, committed 83968K, reserved 1179648K
  class space    used 8305K, committed 8960K, reserved 1048576K
}
Event: 15.805 GC heap before
{Heap before GC invocations=241 (full 8):
 PSYoungGen      total 16384K, used 15898K [0x00000000eab00000, 0x00000000ebf00000, 0x0000000100000000)
  eden space 12288K, 99% used [0x00000000eab00000,0x00000000eb6ffff0,0x00000000eb700000)
  from space 4096K, 88% used [0x00000000eb700000,0x00000000eba86b58,0x00000000ebb00000)
  to   space 4096K, 0% used [0x00000000ebb00000,0x00000000ebb00000,0x00000000ebf00000)
 ParOldGen       total 132608K, used 108834K [0x00000000c0000000, 0x00000000c8180000, 0x00000000eab00000)
  object space 132608K, 82% used [0x00000000c0000000,0x00000000c6a48930,0x00000000c8180000)
 Metaspace       used 82528K, committed 84032K, reserved 1179648K
  class space    used 8307K, committed 8960K, reserved 1048576K
}
Event: 15.806 GC heap after
{Heap after GC invocations=241 (full 8):
 PSYoungGen      total 14336K, used 1664K [0x00000000eab00000, 0x00000000ebd00000, 0x0000000100000000)
  eden space 12288K, 0% used [0x00000000eab00000,0x00000000eab00000,0x00000000eb700000)
  from space 2048K, 81% used [0x00000000ebb00000,0x00000000ebca0000,0x00000000ebd00000)
  to   space 2560K, 0% used [0x00000000eb800000,0x00000000eb800000,0x00000000eba80000)
 ParOldGen       total 132608K, used 108834K [0x00000000c0000000, 0x00000000c8180000, 0x00000000eab00000)
  object space 132608K, 82% used [0x00000000c0000000,0x00000000c6a48930,0x00000000c8180000)
 Metaspace       used 82528K, committed 84032K, reserved 1179648K
  class space    used 8307K, committed 8960K, reserved 1048576K
}
Event: 99.253 GC heap before
{Heap before GC invocations=242 (full 8):
 PSYoungGen      total 14336K, used 13951K [0x00000000eab00000, 0x00000000ebd00000, 0x0000000100000000)
  eden space 12288K, 99% used [0x00000000eab00000,0x00000000eb6ffff0,0x00000000eb700000)
  from space 2048K, 81% used [0x00000000ebb00000,0x00000000ebca0000,0x00000000ebd00000)
  to   space 2560K, 0% used [0x00000000eb800000,0x00000000eb800000,0x00000000eba80000)
 ParOldGen       total 132608K, used 108834K [0x00000000c0000000, 0x00000000c8180000, 0x00000000eab00000)
  object space 132608K, 82% used [0x00000000c0000000,0x00000000c6a48930,0x00000000c8180000)
 Metaspace       used 82658K, committed 84096K, reserved 1179648K
  class space    used 8319K, committed 8960K, reserved 1048576K
}
Event: 99.266 GC heap after
{Heap after GC invocations=242 (full 8):
 PSYoungGen      total 14848K, used 2536K [0x00000000eab00000, 0x00000000ebe00000, 0x0000000100000000)
  eden space 12288K, 0% used [0x00000000eab00000,0x00000000eab00000,0x00000000eb700000)
  from space 2560K, 99% used [0x00000000eb800000,0x00000000eba7a028,0x00000000eba80000)
  to   space 3584K, 0% used [0x00000000eba80000,0x00000000eba80000,0x00000000ebe00000)
 ParOldGen       total 132608K, used 109201K [0x00000000c0000000, 0x00000000c8180000, 0x00000000eab00000)
  object space 132608K, 82% used [0x00000000c0000000,0x00000000c6aa46a0,0x00000000c8180000)
 Metaspace       used 82658K, committed 84096K, reserved 1179648K
  class space    used 8319K, committed 8960K, reserved 1048576K
}
Event: 99.731 GC heap before
{Heap before GC invocations=243 (full 8):
 PSYoungGen      total 14848K, used 14824K [0x00000000eab00000, 0x00000000ebe00000, 0x0000000100000000)
  eden space 12288K, 99% used [0x00000000eab00000,0x00000000eb6fffe0,0x00000000eb700000)
  from space 2560K, 99% used [0x00000000eb800000,0x00000000eba7a028,0x00000000eba80000)
  to   space 3584K, 0% used [0x00000000eba80000,0x00000000eba80000,0x00000000ebe00000)
 ParOldGen       total 132608K, used 109201K [0x00000000c0000000, 0x00000000c8180000, 0x00000000eab00000)
  object space 132608K, 82% used [0x00000000c0000000,0x00000000c6aa46a0,0x00000000c8180000)
 Metaspace       used 82734K, committed 84160K, reserved 1179648K
  class space    used 8329K, committed 8960K, reserved 1048576K
}
Event: 99.736 GC heap after
{Heap after GC invocations=243 (full 8):
 PSYoungGen      total 15360K, used 2948K [0x00000000eab00000, 0x00000000ebd80000, 0x0000000100000000)
  eden space 12288K, 0% used [0x00000000eab00000,0x00000000eab00000,0x00000000eb700000)
  from space 3072K, 95% used [0x00000000eba80000,0x00000000ebd613d8,0x00000000ebd80000)
  to   space 3072K, 0% used [0x00000000eb780000,0x00000000eb780000,0x00000000eba80000)
 ParOldGen       total 132608K, used 110715K [0x00000000c0000000, 0x00000000c8180000, 0x00000000eab00000)
  object space 132608K, 83% used [0x00000000c0000000,0x00000000c6c1ee10,0x00000000c8180000)
 Metaspace       used 82734K, committed 84160K, reserved 1179648K
  class space    used 8329K, committed 8960K, reserved 1048576K
}

