# JRE version: OpenJDK Runtime Environment Temurin-17.0.10+7 (17.0.10+7) (build 17.0.10+7)
# Java VM: OpenJDK 64-Bit Server VM Temurin-17.0.10+7 (17.0.10+7, mixed mode, tiered, compressed oops, compressed class ptrs, parallel gc, windows-amd64)
GC Precious Log:
 CPUs: 16 total, 16 available
 Memory: 11972M
 Large Page Support: Disabled
 NUMA Support: Disabled
 Compressed Oops: Enabled (32-bit)
 Alignments: Space 512K, Generation 512K, Heap 2M
 Heap Min Capacity: 100M
 Heap Initial Capacity: 100M
 Heap Max Capacity: 1G
 Pre-touch: Disabled
 Parallel Workers: 13
Heap:
 PSYoungGen      total 44544K, used 15341K [0x00000000eab00000, 0x00000000eea00000, 0x0000000100000000)
  eden space 29696K, 3% used [0x00000000eab00000,0x00000000eabeb468,0x00000000ec800000)
  from space 14848K, 96% used [0x00000000edb80000,0x00000000ee990000,0x00000000eea00000)
  to   space 15360K, 0% used [0x00000000ecc00000,0x00000000ecc00000,0x00000000edb00000)
 ParOldGen       total 135168K, used 115459K [0x00000000c0000000, 0x00000000c8400000, 0x00000000eab00000)
  object space 135168K, 85% used [0x00000000c0000000,0x00000000c70c0ed0,0x00000000c8400000)
 Metaspace       used 72731K, committed 74176K, reserved 1179648K
  class space    used 7568K, committed 8192K, reserved 1048576K
GC Heap History (20 events):
Event: 28.703 GC heap before
{Heap before GC invocations=61 (full 4):
 PSYoungGen      total 23552K, used 21051K [0x00000000eab00000, 0x00000000ec700000, 0x0000000100000000)
  eden space 22528K, 89% used [0x00000000eab00000,0x00000000ebe973e0,0x00000000ec100000)
  from space 1024K, 96% used [0x00000000ec180000,0x00000000ec277b38,0x00000000ec280000)
  to   space 2560K, 0% used [0x00000000ec480000,0x00000000ec480000,0x00000000ec700000)
 ParOldGen       total 92160K, used 65950K [0x00000000c0000000, 0x00000000c5a00000, 0x00000000eab00000)
  object space 92160K, 71% used [0x00000000c0000000,0x00000000c4067990,0x00000000c5a00000)
 Metaspace       used 71663K, committed 73088K, reserved 1114112K
  class space    used 7495K, committed 8064K, reserved 1048576K
}
Event: 28.705 GC heap after
{Heap after GC invocations=61 (full 4):
 PSYoungGen      total 24576K, used 2459K [0x00000000eab00000, 0x00000000ec700000, 0x0000000100000000)
  eden space 22016K, 0% used [0x00000000eab00000,0x00000000eab00000,0x00000000ec080000)
  from space 2560K, 96% used [0x00000000ec480000,0x00000000ec6e6c10,0x00000000ec700000)
  to   space 3072K, 0% used [0x00000000ec100000,0x00000000ec100000,0x00000000ec400000)
 ParOldGen       total 92160K, used 67722K [0x00000000c0000000, 0x00000000c5a00000, 0x00000000eab00000)
  object space 92160K, 73% used [0x00000000c0000000,0x00000000c42229c0,0x00000000c5a00000)
 Metaspace       used 71663K, committed 73088K, reserved 1114112K
  class space    used 7495K, committed 8064K, reserved 1048576K
}
Event: 28.826 GC heap before
{Heap before GC invocations=62 (full 4):
 PSYoungGen      total 24576K, used 24475K [0x00000000eab00000, 0x00000000ec700000, 0x0000000100000000)
  eden space 22016K, 100% used [0x00000000eab00000,0x00000000ec080000,0x00000000ec080000)
  from space 2560K, 96% used [0x00000000ec480000,0x00000000ec6e6c10,0x00000000ec700000)
  to   space 3072K, 0% used [0x00000000ec100000,0x00000000ec100000,0x00000000ec400000)
 ParOldGen       total 92160K, used 83042K [0x00000000c0000000, 0x00000000c5a00000, 0x00000000eab00000)
  object space 92160K, 90% used [0x00000000c0000000,0x00000000c51189d0,0x00000000c5a00000)
 Metaspace       used 71698K, committed 73088K, reserved 1114112K
  class space    used 7495K, committed 8064K, reserved 1048576K
}
Event: 28.828 GC heap after
{Heap after GC invocations=62 (full 4):
 PSYoungGen      total 22528K, used 512K [0x00000000eab00000, 0x00000000ec500000, 0x0000000100000000)
  eden space 22016K, 0% used [0x00000000eab00000,0x00000000eab00000,0x00000000ec080000)
  from space 512K, 100% used [0x00000000ec100000,0x00000000ec180000,0x00000000ec180000)
  to   space 1536K, 0% used [0x00000000ec380000,0x00000000ec380000,0x00000000ec500000)
 ParOldGen       total 92160K, used 83337K [0x00000000c0000000, 0x00000000c5a00000, 0x00000000eab00000)
  object space 92160K, 90% used [0x00000000c0000000,0x00000000c51624f8,0x00000000c5a00000)
 Metaspace       used 71698K, committed 73088K, reserved 1114112K
  class space    used 7495K, committed 8064K, reserved 1048576K
}
Event: 28.902 GC heap before
{Heap before GC invocations=63 (full 4):
 PSYoungGen      total 22528K, used 22527K [0x00000000eab00000, 0x00000000ec500000, 0x0000000100000000)
  eden space 22016K, 99% used [0x00000000eab00000,0x00000000ec07fff8,0x00000000ec080000)
  from space 512K, 100% used [0x00000000ec100000,0x00000000ec180000,0x00000000ec180000)
  to   space 1536K, 0% used [0x00000000ec380000,0x00000000ec380000,0x00000000ec500000)
 ParOldGen       total 103424K, used 94346K [0x00000000c0000000, 0x00000000c6500000, 0x00000000eab00000)
  object space 103424K, 91% used [0x00000000c0000000,0x00000000c5c22a98,0x00000000c6500000)
 Metaspace       used 71757K, committed 73152K, reserved 1114112K
  class space    used 7498K, committed 8064K, reserved 1048576K
}
Event: 28.966 GC heap after
{Heap after GC invocations=63 (full 4):
 PSYoungGen      total 23040K, used 640K [0x00000000eab00000, 0x00000000ec480000, 0x0000000100000000)
  eden space 22016K, 0% used [0x00000000eab00000,0x00000000eab00000,0x00000000ec080000)
  from space 1024K, 62% used [0x00000000ec380000,0x00000000ec420020,0x00000000ec480000)
  to   space 1024K, 0% used [0x00000000ec280000,0x00000000ec280000,0x00000000ec380000)
 ParOldGen       total 114688K, used 105716K [0x00000000c0000000, 0x00000000c7000000, 0x00000000eab00000)
  object space 114688K, 92% used [0x00000000c0000000,0x00000000c673d058,0x00000000c7000000)
 Metaspace       used 71757K, committed 73152K, reserved 1114112K
  class space    used 7498K, committed 8064K, reserved 1048576K
}
Event: 28.966 GC heap before
{Heap before GC invocations=64 (full 5):
 PSYoungGen      total 23040K, used 640K [0x00000000eab00000, 0x00000000ec480000, 0x0000000100000000)
  eden space 22016K, 0% used [0x00000000eab00000,0x00000000eab00000,0x00000000ec080000)
  from space 1024K, 62% used [0x00000000ec380000,0x00000000ec420020,0x00000000ec480000)
  to   space 1024K, 0% used [0x00000000ec280000,0x00000000ec280000,0x00000000ec380000)
 ParOldGen       total 114688K, used 105716K [0x00000000c0000000, 0x00000000c7000000, 0x00000000eab00000)
  object space 114688K, 92% used [0x00000000c0000000,0x00000000c673d058,0x00000000c7000000)
 Metaspace       used 71757K, committed 73152K, reserved 1114112K
  class space    used 7498K, committed 8064K, reserved 1048576K
}
Event: 29.329 GC heap after
{Heap after GC invocations=64 (full 5):
 PSYoungGen      total 25088K, used 0K [0x00000000eab00000, 0x00000000ec600000, 0x0000000100000000)
  eden space 24064K, 0% used [0x00000000eab00000,0x00000000eab00000,0x00000000ec280000)
  from space 1024K, 0% used [0x00000000ec280000,0x00000000ec280000,0x00000000ec380000)
  to   space 1024K, 0% used [0x00000000ec500000,0x00000000ec500000,0x00000000ec600000)
 ParOldGen       total 135168K, used 86614K [0x00000000c0000000, 0x00000000c8400000, 0x00000000eab00000)
  object space 135168K, 64% used [0x00000000c0000000,0x00000000c5495b08,0x00000000c8400000)
 Metaspace       used 71757K, committed 73152K, reserved 1114112K
  class space    used 7498K, committed 8064K, reserved 1048576K
}
Event: 29.382 GC heap before
{Heap before GC invocations=65 (full 5):
 PSYoungGen      total 25088K, used 24064K [0x00000000eab00000, 0x00000000ec600000, 0x0000000100000000)
  eden space 24064K, 100% used [0x00000000eab00000,0x00000000ec280000,0x00000000ec280000)
  from space 1024K, 0% used [0x00000000ec280000,0x00000000ec280000,0x00000000ec380000)
  to   space 1024K, 0% used [0x00000000ec500000,0x00000000ec500000,0x00000000ec600000)
 ParOldGen       total 135168K, used 86614K [0x00000000c0000000, 0x00000000c8400000, 0x00000000eab00000)
  object space 135168K, 64% used [0x00000000c0000000,0x00000000c5495b08,0x00000000c8400000)
 Metaspace       used 71991K, committed 73472K, reserved 1179648K
  class space    used 7514K, committed 8128K, reserved 1048576K
}
Event: 29.386 GC heap after
{Heap after GC invocations=65 (full 5):
 PSYoungGen      total 22528K, used 1019K [0x00000000eab00000, 0x00000000ed000000, 0x0000000100000000)
  eden space 21504K, 0% used [0x00000000eab00000,0x00000000eab00000,0x00000000ec000000)
  from space 1024K, 99% used [0x00000000ec500000,0x00000000ec5fed28,0x00000000ec600000)
  to   space 5120K, 0% used [0x00000000ec000000,0x00000000ec000000,0x00000000ec500000)
 ParOldGen       total 135168K, used 89954K [0x00000000c0000000, 0x00000000c8400000, 0x00000000eab00000)
  object space 135168K, 66% used [0x00000000c0000000,0x00000000c57d8b18,0x00000000c8400000)
 Metaspace       used 71991K, committed 73472K, reserved 1179648K
  class space    used 7514K, committed 8128K, reserved 1048576K
}
Event: 29.426 GC heap before
{Heap before GC invocations=66 (full 5):
 PSYoungGen      total 22528K, used 22523K [0x00000000eab00000, 0x00000000ed000000, 0x0000000100000000)
  eden space 21504K, 100% used [0x00000000eab00000,0x00000000ec000000,0x00000000ec000000)
  from space 1024K, 99% used [0x00000000ec500000,0x00000000ec5fed28,0x00000000ec600000)
  to   space 5120K, 0% used [0x00000000ec000000,0x00000000ec000000,0x00000000ec500000)
 ParOldGen       total 135168K, used 89954K [0x00000000c0000000, 0x00000000c8400000, 0x00000000eab00000)
  object space 135168K, 66% used [0x00000000c0000000,0x00000000c57d8b18,0x00000000c8400000)
 Metaspace       used 72077K, committed 73536K, reserved 1179648K
  class space    used 7520K, committed 8128K, reserved 1048576K
}
Event: 29.466 GC heap after
{Heap after GC invocations=66 (full 5):
 PSYoungGen      total 26624K, used 2192K [0x00000000eab00000, 0x00000000ec980000, 0x0000000100000000)
  eden space 21504K, 0% used [0x00000000eab00000,0x00000000eab00000,0x00000000ec000000)
  from space 5120K, 42% used [0x00000000ec000000,0x00000000ec224180,0x00000000ec500000)
  to   space 3072K, 0% used [0x00000000ec680000,0x00000000ec680000,0x00000000ec980000)
 ParOldGen       total 135168K, used 90650K [0x00000000c0000000, 0x00000000c8400000, 0x00000000eab00000)
  object space 135168K, 67% used [0x00000000c0000000,0x00000000c5886900,0x00000000c8400000)
 Metaspace       used 72077K, committed 73536K, reserved 1179648K
  class space    used 7520K, committed 8128K, reserved 1048576K
}
Event: 29.490 GC heap before
{Heap before GC invocations=67 (full 5):
 PSYoungGen      total 26624K, used 23696K [0x00000000eab00000, 0x00000000ec980000, 0x0000000100000000)
  eden space 21504K, 100% used [0x00000000eab00000,0x00000000ec000000,0x00000000ec000000)
  from space 5120K, 42% used [0x00000000ec000000,0x00000000ec224180,0x00000000ec500000)
  to   space 3072K, 0% used [0x00000000ec680000,0x00000000ec680000,0x00000000ec980000)
 ParOldGen       total 135168K, used 90650K [0x00000000c0000000, 0x00000000c8400000, 0x00000000eab00000)
  object space 135168K, 67% used [0x00000000c0000000,0x00000000c5886900,0x00000000c8400000)
 Metaspace       used 72159K, committed 73600K, reserved 1179648K
  class space    used 7523K, committed 8128K, reserved 1048576K
}
Event: 29.492 GC heap after
{Heap after GC invocations=67 (full 5):
 PSYoungGen      total 27648K, used 2976K [0x00000000eab00000, 0x00000000eca80000, 0x0000000100000000)
  eden space 24576K, 0% used [0x00000000eab00000,0x00000000eab00000,0x00000000ec300000)
  from space 3072K, 96% used [0x00000000ec680000,0x00000000ec968000,0x00000000ec980000)
  to   space 3584K, 0% used [0x00000000ec300000,0x00000000ec300000,0x00000000ec680000)
 ParOldGen       total 135168K, used 92262K [0x00000000c0000000, 0x00000000c8400000, 0x00000000eab00000)
  object space 135168K, 68% used [0x00000000c0000000,0x00000000c5a19990,0x00000000c8400000)
 Metaspace       used 72159K, committed 73600K, reserved 1179648K
  class space    used 7523K, committed 8128K, reserved 1048576K
}
Event: 29.530 GC heap before
{Heap before GC invocations=68 (full 5):
 PSYoungGen      total 27648K, used 27552K [0x00000000eab00000, 0x00000000eca80000, 0x0000000100000000)
  eden space 24576K, 100% used [0x00000000eab00000,0x00000000ec300000,0x00000000ec300000)
  from space 3072K, 96% used [0x00000000ec680000,0x00000000ec968000,0x00000000ec980000)
  to   space 3584K, 0% used [0x00000000ec300000,0x00000000ec300000,0x00000000ec680000)
 ParOldGen       total 135168K, used 92262K [0x00000000c0000000, 0x00000000c8400000, 0x00000000eab00000)
  object space 135168K, 68% used [0x00000000c0000000,0x00000000c5a19990,0x00000000c8400000)
 Metaspace       used 72183K, committed 73600K, reserved 1179648K
  class space    used 7523K, committed 8128K, reserved 1048576K
}
Event: 29.534 GC heap after
{Heap after GC invocations=68 (full 5):
 PSYoungGen      total 28160K, used 3584K [0x00000000eab00000, 0x00000000ed780000, 0x0000000100000000)
  eden space 24576K, 0% used [0x00000000eab00000,0x00000000eab00000,0x00000000ec300000)
  from space 3584K, 100% used [0x00000000ec300000,0x00000000ec680000,0x00000000ec680000)
  to   space 8704K, 0% used [0x00000000ecf00000,0x00000000ecf00000,0x00000000ed780000)
 ParOldGen       total 135168K, used 96134K [0x00000000c0000000, 0x00000000c8400000, 0x00000000eab00000)
  object space 135168K, 71% used [0x00000000c0000000,0x00000000c5de19d0,0x00000000c8400000)
 Metaspace       used 72183K, committed 73600K, reserved 1179648K
  class space    used 7523K, committed 8128K, reserved 1048576K
}
Event: 29.577 GC heap before
{Heap before GC invocations=69 (full 5):
 PSYoungGen      total 28160K, used 28160K [0x00000000eab00000, 0x00000000ed780000, 0x0000000100000000)
  eden space 24576K, 100% used [0x00000000eab00000,0x00000000ec300000,0x00000000ec300000)
  from space 3584K, 100% used [0x00000000ec300000,0x00000000ec680000,0x00000000ec680000)
  to   space 8704K, 0% used [0x00000000ecf00000,0x00000000ecf00000,0x00000000ed780000)
 ParOldGen       total 135168K, used 96134K [0x00000000c0000000, 0x00000000c8400000, 0x00000000eab00000)
  object space 135168K, 71% used [0x00000000c0000000,0x00000000c5de19d0,0x00000000c8400000)
 Metaspace       used 72323K, committed 73728K, reserved 1179648K
  class space    used 7543K, committed 8128K, reserved 1048576K
}
Event: 29.582 GC heap after
{Heap after GC invocations=69 (full 5):
 PSYoungGen      total 34816K, used 6208K [0x00000000eab00000, 0x00000000ed580000, 0x0000000100000000)
  eden space 28160K, 0% used [0x00000000eab00000,0x00000000eab00000,0x00000000ec680000)
  from space 6656K, 93% used [0x00000000ecf00000,0x00000000ed510000,0x00000000ed580000)
  to   space 6656K, 0% used [0x00000000ec880000,0x00000000ec880000,0x00000000ecf00000)
 ParOldGen       total 135168K, used 99526K [0x00000000c0000000, 0x00000000c8400000, 0x00000000eab00000)
  object space 135168K, 73% used [0x00000000c0000000,0x00000000c61319f0,0x00000000c8400000)
 Metaspace       used 72323K, committed 73728K, reserved 1179648K
  class space    used 7543K, committed 8128K, reserved 1048576K
}
Event: 29.696 GC heap before
{Heap before GC invocations=70 (full 5):
 PSYoungGen      total 34816K, used 34368K [0x00000000eab00000, 0x00000000ed580000, 0x0000000100000000)
  eden space 28160K, 100% used [0x00000000eab00000,0x00000000ec680000,0x00000000ec680000)
  from space 6656K, 93% used [0x00000000ecf00000,0x00000000ed510000,0x00000000ed580000)
  to   space 6656K, 0% used [0x00000000ec880000,0x00000000ec880000,0x00000000ecf00000)
 ParOldGen       total 135168K, used 99526K [0x00000000c0000000, 0x00000000c8400000, 0x00000000eab00000)
  object space 135168K, 73% used [0x00000000c0000000,0x00000000c61319f0,0x00000000c8400000)
 Metaspace       used 72631K, committed 74112K, reserved 1179648K
  class space    used 7565K, committed 8192K, reserved 1048576K
}
Event: 29.703 GC heap after
{Heap after GC invocations=70 (full 5):
 PSYoungGen      total 36864K, used 6629K [0x00000000eab00000, 0x00000000eed00000, 0x0000000100000000)
  eden space 30208K, 0% used [0x00000000eab00000,0x00000000eab00000,0x00000000ec880000)
  from space 6656K, 99% used [0x00000000ec880000,0x00000000ecef94d0,0x00000000ecf00000)
  to   space 17920K, 0% used [0x00000000edb80000,0x00000000edb80000,0x00000000eed00000)
 ParOldGen       total 135168K, used 108774K [0x00000000c0000000, 0x00000000c8400000, 0x00000000eab00000)
  object space 135168K, 80% used [0x00000000c0000000,0x00000000c6a399f0,0x00000000c8400000)
 Metaspace       used 72631K, committed 74112K, reserved 1179648K
  class space    used 7565K, committed 8192K, reserved 1048576K
}

