# JRE version: OpenJDK Runtime Environment Temurin-17.0.10+7 (17.0.10+7) (build 17.0.10+7)
# Java VM: OpenJDK 64-Bit Server VM Temurin-17.0.10+7 (17.0.10+7, mixed mode, tiered, compressed oops, compressed class ptrs, parallel gc, windows-amd64)
GC Precious Log:
 CPUs: 16 total, 16 available
 Memory: 11972M
 Large Page Support: Disabled
 NUMA Support: Disabled
 Compressed Oops: Enabled (32-bit)
 Alignments: Space 512K, Generation 512K, Heap 2M
 Heap Min Capacity: 100M
 Heap Initial Capacity: 100M
 Heap Max Capacity: 1G
 Pre-touch: Disabled
 Parallel Workers: 13
Heap:
 PSYoungGen      total 5120K, used 2797K [0x00000000eab00000, 0x00000000eb600000, 0x0000000100000000)
  eden space 4096K, 51% used [0x00000000eab00000,0x00000000ead13628,0x00000000eaf00000)
  from space 1024K, 65% used [0x00000000eb400000,0x00000000eb4a8000,0x00000000eb500000)
  to   space 1024K, 0% used [0x00000000eb500000,0x00000000eb500000,0x00000000eb600000)
 ParOldGen       total 119808K, used 109153K [0x00000000c0000000, 0x00000000c7500000, 0x00000000eab00000)
  object space 119808K, 91% used [0x00000000c0000000,0x00000000c6a984c0,0x00000000c7500000)
 Metaspace       used 83299K, committed 84800K, reserved 1179648K
  class space    used 8409K, committed 9024K, reserved 1048576K
GC Heap History (20 events):
Event: 30.311 GC heap before
{Heap before GC invocations=347 (full 10):
 PSYoungGen      total 8704K, used 8697K [0x00000000eab00000, 0x00000000ec480000, 0x0000000100000000)
  eden space 7680K, 100% used [0x00000000eab00000,0x00000000eb280000,0x00000000eb280000)
  from space 1024K, 99% used [0x00000000eb400000,0x00000000eb4fe610,0x00000000eb500000)
  to   space 9216K, 0% used [0x00000000ebb80000,0x00000000ebb80000,0x00000000ec480000)
 ParOldGen       total 119808K, used 92385K [0x00000000c0000000, 0x00000000c7500000, 0x00000000eab00000)
  object space 119808K, 77% used [0x00000000c0000000,0x00000000c5a38618,0x00000000c7500000)
 Metaspace       used 83158K, committed 84672K, reserved 1179648K
  class space    used 8409K, committed 9024K, reserved 1048576K
}
Event: 30.314 GC heap after
{Heap after GC invocations=347 (full 10):
 PSYoungGen      total 9728K, used 1818K [0x00000000eab00000, 0x00000000ebd80000, 0x0000000100000000)
  eden space 7680K, 0% used [0x00000000eab00000,0x00000000eab00000,0x00000000eb280000)
  from space 2048K, 88% used [0x00000000ebb80000,0x00000000ebd46900,0x00000000ebd80000)
  to   space 4096K, 0% used [0x00000000eb580000,0x00000000eb580000,0x00000000eb980000)
 ParOldGen       total 119808K, used 93451K [0x00000000c0000000, 0x00000000c7500000, 0x00000000eab00000)
  object space 119808K, 78% used [0x00000000c0000000,0x00000000c5b42c28,0x00000000c7500000)
 Metaspace       used 83158K, committed 84672K, reserved 1179648K
  class space    used 8409K, committed 9024K, reserved 1048576K
}
Event: 30.374 GC heap before
{Heap before GC invocations=348 (full 10):
 PSYoungGen      total 9728K, used 9498K [0x00000000eab00000, 0x00000000ebd80000, 0x0000000100000000)
  eden space 7680K, 100% used [0x00000000eab00000,0x00000000eb280000,0x00000000eb280000)
  from space 2048K, 88% used [0x00000000ebb80000,0x00000000ebd46900,0x00000000ebd80000)
  to   space 4096K, 0% used [0x00000000eb580000,0x00000000eb580000,0x00000000eb980000)
 ParOldGen       total 119808K, used 93451K [0x00000000c0000000, 0x00000000c7500000, 0x00000000eab00000)
  object space 119808K, 78% used [0x00000000c0000000,0x00000000c5b42c28,0x00000000c7500000)
 Metaspace       used 83164K, committed 84672K, reserved 1179648K
  class space    used 8409K, committed 9024K, reserved 1048576K
}
Event: 30.387 GC heap after
{Heap after GC invocations=348 (full 10):
 PSYoungGen      total 11776K, used 1082K [0x00000000eab00000, 0x00000000ebc00000, 0x0000000100000000)
  eden space 7680K, 0% used [0x00000000eab00000,0x00000000eab00000,0x00000000eb280000)
  from space 4096K, 26% used [0x00000000eb580000,0x00000000eb68e900,0x00000000eb980000)
  to   space 2048K, 0% used [0x00000000eba00000,0x00000000eba00000,0x00000000ebc00000)
 ParOldGen       total 119808K, used 95023K [0x00000000c0000000, 0x00000000c7500000, 0x00000000eab00000)
  object space 119808K, 79% used [0x00000000c0000000,0x00000000c5ccbe68,0x00000000c7500000)
 Metaspace       used 83164K, committed 84672K, reserved 1179648K
  class space    used 8409K, committed 9024K, reserved 1048576K
}
Event: 30.439 GC heap before
{Heap before GC invocations=349 (full 10):
 PSYoungGen      total 11776K, used 8762K [0x00000000eab00000, 0x00000000ebc00000, 0x0000000100000000)
  eden space 7680K, 100% used [0x00000000eab00000,0x00000000eb280000,0x00000000eb280000)
  from space 4096K, 26% used [0x00000000eb580000,0x00000000eb68e900,0x00000000eb980000)
  to   space 2048K, 0% used [0x00000000eba00000,0x00000000eba00000,0x00000000ebc00000)
 ParOldGen       total 119808K, used 95023K [0x00000000c0000000, 0x00000000c7500000, 0x00000000eab00000)
  object space 119808K, 79% used [0x00000000c0000000,0x00000000c5ccbe68,0x00000000c7500000)
 Metaspace       used 83192K, committed 84672K, reserved 1179648K
  class space    used 8409K, committed 9024K, reserved 1048576K
}
Event: 30.440 GC heap after
{Heap after GC invocations=349 (full 10):
 PSYoungGen      total 9216K, used 1166K [0x00000000eab00000, 0x00000000ebb80000, 0x0000000100000000)
  eden space 7680K, 0% used [0x00000000eab00000,0x00000000eab00000,0x00000000eb280000)
  from space 1536K, 75% used [0x00000000eba00000,0x00000000ebb23b00,0x00000000ebb80000)
  to   space 1536K, 0% used [0x00000000eb880000,0x00000000eb880000,0x00000000eba00000)
 ParOldGen       total 119808K, used 95956K [0x00000000c0000000, 0x00000000c7500000, 0x00000000eab00000)
  object space 119808K, 80% used [0x00000000c0000000,0x00000000c5db50a8,0x00000000c7500000)
 Metaspace       used 83192K, committed 84672K, reserved 1179648K
  class space    used 8409K, committed 9024K, reserved 1048576K
}
Event: 30.485 GC heap before
{Heap before GC invocations=350 (full 10):
 PSYoungGen      total 9216K, used 8846K [0x00000000eab00000, 0x00000000ebb80000, 0x0000000100000000)
  eden space 7680K, 100% used [0x00000000eab00000,0x00000000eb280000,0x00000000eb280000)
  from space 1536K, 75% used [0x00000000eba00000,0x00000000ebb23b00,0x00000000ebb80000)
  to   space 1536K, 0% used [0x00000000eb880000,0x00000000eb880000,0x00000000eba00000)
 ParOldGen       total 119808K, used 95956K [0x00000000c0000000, 0x00000000c7500000, 0x00000000eab00000)
  object space 119808K, 80% used [0x00000000c0000000,0x00000000c5db50a8,0x00000000c7500000)
 Metaspace       used 83204K, committed 84672K, reserved 1179648K
  class space    used 8409K, committed 9024K, reserved 1048576K
}
Event: 30.706 GC heap after
{Heap after GC invocations=350 (full 10):
 PSYoungGen      total 10752K, used 1344K [0x00000000eab00000, 0x00000000eba80000, 0x0000000100000000)
  eden space 9216K, 0% used [0x00000000eab00000,0x00000000eab00000,0x00000000eb400000)
  from space 1536K, 87% used [0x00000000eb880000,0x00000000eb9d0000,0x00000000eba00000)
  to   space 512K, 0% used [0x00000000eba00000,0x00000000eba00000,0x00000000eba80000)
 ParOldGen       total 119808K, used 96926K [0x00000000c0000000, 0x00000000c7500000, 0x00000000eab00000)
  object space 119808K, 80% used [0x00000000c0000000,0x00000000c5ea7b30,0x00000000c7500000)
 Metaspace       used 83204K, committed 84672K, reserved 1179648K
  class space    used 8409K, committed 9024K, reserved 1048576K
}
Event: 31.266 GC heap before
{Heap before GC invocations=351 (full 10):
 PSYoungGen      total 10752K, used 10560K [0x00000000eab00000, 0x00000000eba80000, 0x0000000100000000)
  eden space 9216K, 100% used [0x00000000eab00000,0x00000000eb400000,0x00000000eb400000)
  from space 1536K, 87% used [0x00000000eb880000,0x00000000eb9d0000,0x00000000eba00000)
  to   space 512K, 0% used [0x00000000eba00000,0x00000000eba00000,0x00000000eba80000)
 ParOldGen       total 119808K, used 96926K [0x00000000c0000000, 0x00000000c7500000, 0x00000000eab00000)
  object space 119808K, 80% used [0x00000000c0000000,0x00000000c5ea7b30,0x00000000c7500000)
 Metaspace       used 83223K, committed 84736K, reserved 1179648K
  class space    used 8409K, committed 9024K, reserved 1048576K
}
Event: 31.271 GC heap after
{Heap after GC invocations=351 (full 10):
 PSYoungGen      total 4608K, used 496K [0x00000000eab00000, 0x00000000ecc00000, 0x0000000100000000)
  eden space 4096K, 0% used [0x00000000eab00000,0x00000000eab00000,0x00000000eaf00000)
  from space 512K, 96% used [0x00000000eba00000,0x00000000eba7c010,0x00000000eba80000)
  to   space 11264K, 0% used [0x00000000eaf00000,0x00000000eaf00000,0x00000000eba00000)
 ParOldGen       total 119808K, used 105910K [0x00000000c0000000, 0x00000000c7500000, 0x00000000eab00000)
  object space 119808K, 88% used [0x00000000c0000000,0x00000000c676db10,0x00000000c7500000)
 Metaspace       used 83223K, committed 84736K, reserved 1179648K
  class space    used 8409K, committed 9024K, reserved 1048576K
}
Event: 31.288 GC heap before
{Heap before GC invocations=352 (full 10):
 PSYoungGen      total 4608K, used 4592K [0x00000000eab00000, 0x00000000ecc00000, 0x0000000100000000)
  eden space 4096K, 100% used [0x00000000eab00000,0x00000000eaf00000,0x00000000eaf00000)
  from space 512K, 96% used [0x00000000eba00000,0x00000000eba7c010,0x00000000eba80000)
  to   space 11264K, 0% used [0x00000000eaf00000,0x00000000eaf00000,0x00000000eba00000)
 ParOldGen       total 119808K, used 105910K [0x00000000c0000000, 0x00000000c7500000, 0x00000000eab00000)
  object space 119808K, 88% used [0x00000000c0000000,0x00000000c676db10,0x00000000c7500000)
 Metaspace       used 83232K, committed 84736K, reserved 1179648K
  class space    used 8409K, committed 9024K, reserved 1048576K
}
Event: 31.290 GC heap after
{Heap after GC invocations=352 (full 10):
 PSYoungGen      total 5632K, used 1338K [0x00000000eab00000, 0x00000000eba80000, 0x0000000100000000)
  eden space 4096K, 0% used [0x00000000eab00000,0x00000000eab00000,0x00000000eaf00000)
  from space 1536K, 87% used [0x00000000eaf00000,0x00000000eb04e910,0x00000000eb080000)
  to   space 4608K, 0% used [0x00000000eb600000,0x00000000eb600000,0x00000000eba80000)
 ParOldGen       total 119808K, used 106438K [0x00000000c0000000, 0x00000000c7500000, 0x00000000eab00000)
  object space 119808K, 88% used [0x00000000c0000000,0x00000000c67f1b40,0x00000000c7500000)
 Metaspace       used 83232K, committed 84736K, reserved 1179648K
  class space    used 8409K, committed 9024K, reserved 1048576K
}
Event: 31.332 GC heap before
{Heap before GC invocations=353 (full 10):
 PSYoungGen      total 5632K, used 5434K [0x00000000eab00000, 0x00000000eba80000, 0x0000000100000000)
  eden space 4096K, 100% used [0x00000000eab00000,0x00000000eaf00000,0x00000000eaf00000)
  from space 1536K, 87% used [0x00000000eaf00000,0x00000000eb04e910,0x00000000eb080000)
  to   space 4608K, 0% used [0x00000000eb600000,0x00000000eb600000,0x00000000eba80000)
 ParOldGen       total 119808K, used 106438K [0x00000000c0000000, 0x00000000c7500000, 0x00000000eab00000)
  object space 119808K, 88% used [0x00000000c0000000,0x00000000c67f1b40,0x00000000c7500000)
 Metaspace       used 83254K, committed 84736K, reserved 1179648K
  class space    used 8409K, committed 9024K, reserved 1048576K
}
Event: 31.334 GC heap after
{Heap after GC invocations=353 (full 10):
 PSYoungGen      total 5632K, used 1024K [0x00000000eab00000, 0x00000000eb780000, 0x0000000100000000)
  eden space 4096K, 0% used [0x00000000eab00000,0x00000000eab00000,0x00000000eaf00000)
  from space 1536K, 66% used [0x00000000eb600000,0x00000000eb700010,0x00000000eb780000)
  to   space 2048K, 0% used [0x00000000eb380000,0x00000000eb380000,0x00000000eb580000)
 ParOldGen       total 119808K, used 107615K [0x00000000c0000000, 0x00000000c7500000, 0x00000000eab00000)
  object space 119808K, 89% used [0x00000000c0000000,0x00000000c6917fd8,0x00000000c7500000)
 Metaspace       used 83254K, committed 84736K, reserved 1179648K
  class space    used 8409K, committed 9024K, reserved 1048576K
}
Event: 31.381 GC heap before
{Heap before GC invocations=354 (full 10):
 PSYoungGen      total 5632K, used 5120K [0x00000000eab00000, 0x00000000eb780000, 0x0000000100000000)
  eden space 4096K, 100% used [0x00000000eab00000,0x00000000eaf00000,0x00000000eaf00000)
  from space 1536K, 66% used [0x00000000eb600000,0x00000000eb700010,0x00000000eb780000)
  to   space 2048K, 0% used [0x00000000eb380000,0x00000000eb380000,0x00000000eb580000)
 ParOldGen       total 119808K, used 107615K [0x00000000c0000000, 0x00000000c7500000, 0x00000000eab00000)
  object space 119808K, 89% used [0x00000000c0000000,0x00000000c6917fd8,0x00000000c7500000)
 Metaspace       used 83258K, committed 84736K, reserved 1179648K
  class space    used 8409K, committed 9024K, reserved 1048576K
}
Event: 31.383 GC heap after
{Heap after GC invocations=354 (full 10):
 PSYoungGen      total 6144K, used 698K [0x00000000eab00000, 0x00000000eb680000, 0x0000000100000000)
  eden space 4096K, 0% used [0x00000000eab00000,0x00000000eab00000,0x00000000eaf00000)
  from space 2048K, 34% used [0x00000000eb380000,0x00000000eb42e900,0x00000000eb580000)
  to   space 1024K, 0% used [0x00000000eb580000,0x00000000eb580000,0x00000000eb680000)
 ParOldGen       total 119808K, used 108419K [0x00000000c0000000, 0x00000000c7500000, 0x00000000eab00000)
  object space 119808K, 90% used [0x00000000c0000000,0x00000000c69e0ff8,0x00000000c7500000)
 Metaspace       used 83258K, committed 84736K, reserved 1179648K
  class space    used 8409K, committed 9024K, reserved 1048576K
}
Event: 33.037 GC heap before
{Heap before GC invocations=355 (full 10):
 PSYoungGen      total 6144K, used 4794K [0x00000000eab00000, 0x00000000eb680000, 0x0000000100000000)
  eden space 4096K, 100% used [0x00000000eab00000,0x00000000eaf00000,0x00000000eaf00000)
  from space 2048K, 34% used [0x00000000eb380000,0x00000000eb42e900,0x00000000eb580000)
  to   space 1024K, 0% used [0x00000000eb580000,0x00000000eb580000,0x00000000eb680000)
 ParOldGen       total 119808K, used 108419K [0x00000000c0000000, 0x00000000c7500000, 0x00000000eab00000)
  object space 119808K, 90% used [0x00000000c0000000,0x00000000c69e0ff8,0x00000000c7500000)
 Metaspace       used 83279K, committed 84736K, reserved 1179648K
  class space    used 8409K, committed 9024K, reserved 1048576K
}
Event: 33.110 GC heap after
{Heap after GC invocations=355 (full 10):
 PSYoungGen      total 4608K, used 352K [0x00000000eab00000, 0x00000000eb600000, 0x0000000100000000)
  eden space 4096K, 0% used [0x00000000eab00000,0x00000000eab00000,0x00000000eaf00000)
  from space 512K, 68% used [0x00000000eb580000,0x00000000eb5d8020,0x00000000eb600000)
  to   space 1024K, 0% used [0x00000000eb400000,0x00000000eb400000,0x00000000eb500000)
 ParOldGen       total 119808K, used 108936K [0x00000000c0000000, 0x00000000c7500000, 0x00000000eab00000)
  object space 119808K, 90% used [0x00000000c0000000,0x00000000c6a62028,0x00000000c7500000)
 Metaspace       used 83279K, committed 84736K, reserved 1179648K
  class space    used 8409K, committed 9024K, reserved 1048576K
}
Event: 33.118 GC heap before
{Heap before GC invocations=356 (full 10):
 PSYoungGen      total 4608K, used 4448K [0x00000000eab00000, 0x00000000eb600000, 0x0000000100000000)
  eden space 4096K, 100% used [0x00000000eab00000,0x00000000eaf00000,0x00000000eaf00000)
  from space 512K, 68% used [0x00000000eb580000,0x00000000eb5d8020,0x00000000eb600000)
  to   space 1024K, 0% used [0x00000000eb400000,0x00000000eb400000,0x00000000eb500000)
 ParOldGen       total 119808K, used 108936K [0x00000000c0000000, 0x00000000c7500000, 0x00000000eab00000)
  object space 119808K, 90% used [0x00000000c0000000,0x00000000c6a62028,0x00000000c7500000)
 Metaspace       used 83279K, committed 84736K, reserved 1179648K
  class space    used 8409K, committed 9024K, reserved 1048576K
}
Event: 33.119 GC heap after
{Heap after GC invocations=356 (full 10):
 PSYoungGen      total 5120K, used 672K [0x00000000eab00000, 0x00000000eb600000, 0x0000000100000000)
  eden space 4096K, 0% used [0x00000000eab00000,0x00000000eab00000,0x00000000eaf00000)
  from space 1024K, 65% used [0x00000000eb400000,0x00000000eb4a8000,0x00000000eb500000)
  to   space 1024K, 0% used [0x00000000eb500000,0x00000000eb500000,0x00000000eb600000)
 ParOldGen       total 119808K, used 109153K [0x00000000c0000000, 0x00000000c7500000, 0x00000000eab00000)
  object space 119808K, 91% used [0x00000000c0000000,0x00000000c6a984c0,0x00000000c7500000)
 Metaspace       used 83279K, committed 84736K, reserved 1179648K
  class space    used 8409K, committed 9024K, reserved 1048576K
}

